<?xml version="1.0" encoding="UTF-8"?>
<robot generator="Robot 7.2 (Python 3.11.5 on win32)" generated="2025-02-06T21:14:04.879813" rpa="false" schemaversion="5">
<suite id="s1" name="loginInvalidCred" source="I:\Sanbercode\Project Sanber Robo Framework\Sanber63-Mobile-Kelompok8\suites\loginInvalidCred.robot">
<test id="s1-t1" name="User Login Without Credentials" line="19">
<kw name="Run Keyword" owner="BuiltIn">
<kw name="Open Flight Application" owner="base">
<kw name="Open Application" owner="AppiumLibrary">
<arg>remote_url=${REMOTE_URL}</arg>
<arg>platformName=${PLATFORM_NAME}</arg>
<arg>platformVersion=${PLATFORM_VERSION}</arg>
<arg>deviceName=${DEVICE_NAME}</arg>
<arg>appPackage=${APP_PACKAGE}</arg>
<arg>appActivity=${APP_ACTIVITY}</arg>
<doc>Opens a new application to given Appium server.
Capabilities of appium server, Android and iOS,
Please check https://appium.io/docs/en/2.1/cli/args/
| *Option*            | *Man.* | *Description*     |
| remote_url          | Yes    | Appium server url |
| alias               | no     | alias             |
| strict_ssl          | No     | allows you to send commands to an invalid certificate host like a self-signed one. |</doc>
<status status="PASS" start="2025-02-06T21:14:05.407464" elapsed="16.548220"/>
</kw>
<status status="PASS" start="2025-02-06T21:14:05.407464" elapsed="16.548220"/>
</kw>
<arg>Open Flight Application</arg>
<doc>Executes the given keyword with the given arguments.</doc>
<status status="PASS" start="2025-02-06T21:14:05.407464" elapsed="16.548220"/>
</kw>
<kw name="Login Without Credentials" owner="invalidLogin">
<kw name="Verify Home Page Appears" owner="homePage">
<kw name="Wait Until Element Is Visible" owner="AppiumLibrary">
<msg time="2025-02-06T21:14:23.322152" level="INFO">xpath criteria: //android.widget.ImageView[@resource-id="com.example.myapplication:id/imageView4"]</msg>
<arg>${logo_homePage}</arg>
<doc>Waits until element specified with `locator` is visible.</doc>
<status status="PASS" start="2025-02-06T21:14:21.958205" elapsed="1.363947"/>
</kw>
<status status="PASS" start="2025-02-06T21:14:21.957196" elapsed="1.364956"/>
</kw>
<kw name="Click Sign In Button On Home Page" owner="homePage">
<kw name="Wait Until Element Is Visible" owner="AppiumLibrary">
<msg time="2025-02-06T21:14:23.424958" level="INFO">xpath criteria: //android.widget.Button[@resource-id="com.example.myapplication:id/login"]</msg>
<arg>${signIn_button_homePage}</arg>
<doc>Waits until element specified with `locator` is visible.</doc>
<status status="PASS" start="2025-02-06T21:14:23.323152" elapsed="0.101806"/>
</kw>
<kw name="Click Element" owner="AppiumLibrary">
<msg time="2025-02-06T21:14:23.427465" level="INFO">Clicking element '//android.widget.Button[@resource-id="com.example.myapplication:id/login"]'.</msg>
<msg time="2025-02-06T21:14:23.589026" level="INFO">xpath criteria: //android.widget.Button[@resource-id="com.example.myapplication:id/login"]</msg>
<arg>${signIn_button_homePage}</arg>
<doc>Click element identified by `locator`.</doc>
<status status="PASS" start="2025-02-06T21:14:23.424958" elapsed="0.164068"/>
</kw>
<status status="PASS" start="2025-02-06T21:14:23.322152" elapsed="0.266874"/>
</kw>
<kw name="Verify Login Appears" owner="invalidLogin">
<kw name="Wait Until Element Is Visible" owner="AppiumLibrary">
<msg time="2025-02-06T21:14:24.712261" level="INFO">xpath criteria: //android.widget.EditText[@resource-id="com.example.myapplication:id/username"]
xpath criteria: //android.widget.EditText[@resource-id="com.example.myapplication:id/username"]</msg>
<arg>${email_input_loginPage}</arg>
<doc>Waits until element specified with `locator` is visible.</doc>
<status status="PASS" start="2025-02-06T21:14:23.590037" elapsed="1.122224"/>
</kw>
<kw name="Wait Until Element Is Visible" owner="AppiumLibrary">
<msg time="2025-02-06T21:14:24.840477" level="INFO">xpath criteria: //android.widget.EditText[@resource-id="com.example.myapplication:id/password"]</msg>
<arg>${password_input_loginPage}</arg>
<doc>Waits until element specified with `locator` is visible.</doc>
<status status="PASS" start="2025-02-06T21:14:24.713107" elapsed="0.127370"/>
</kw>
<kw name="Wait Until Element Is Visible" owner="AppiumLibrary">
<msg time="2025-02-06T21:14:24.943872" level="INFO">xpath criteria: //android.widget.Button[@resource-id="com.example.myapplication:id/signIn"]</msg>
<arg>${signIn_button_loginPage}</arg>
<doc>Waits until element specified with `locator` is visible.</doc>
<status status="PASS" start="2025-02-06T21:14:24.840477" elapsed="0.103904"/>
</kw>
<status status="PASS" start="2025-02-06T21:14:23.590037" elapsed="1.354344"/>
</kw>
<kw name="Click Sign In Button On Login Page" owner="invalidLogin">
<kw name="Click Element" owner="AppiumLibrary">
<msg time="2025-02-06T21:14:24.947426" level="INFO">Clicking element '//android.widget.Button[@resource-id="com.example.myapplication:id/signIn"]'.</msg>
<msg time="2025-02-06T21:14:25.082811" level="INFO">xpath criteria: //android.widget.Button[@resource-id="com.example.myapplication:id/signIn"]</msg>
<arg>${signIn_button_loginPage}</arg>
<doc>Click element identified by `locator`.</doc>
<status status="PASS" start="2025-02-06T21:14:24.944902" elapsed="0.137909"/>
</kw>
<status status="PASS" start="2025-02-06T21:14:24.944902" elapsed="0.137909"/>
</kw>
<status status="PASS" start="2025-02-06T21:14:21.955684" elapsed="3.127127"/>
</kw>
<kw name="Verify Valid Credentials" owner="invalidLogin">
<kw name="Wait Until Element Is Visible" owner="AppiumLibrary">
<msg time="2025-02-06T21:14:25.708232" level="INFO">xpath criteria: //android.widget.ImageView[@resource-id="com.example.myapplication:id/imageView3"]</msg>
<arg>${login_logo}</arg>
<doc>Waits until element specified with `locator` is visible.</doc>
<status status="PASS" start="2025-02-06T21:14:25.084833" elapsed="0.623399"/>
</kw>
<status status="PASS" start="2025-02-06T21:14:25.083823" elapsed="0.624409"/>
</kw>
<kw name="Close Flight Application" owner="base">
<kw name="Close Application" owner="AppiumLibrary">
<doc>Closes the current application and also close webdriver session.</doc>
<status status="PASS" start="2025-02-06T21:14:25.709736" elapsed="1.089591"/>
</kw>
<status status="PASS" start="2025-02-06T21:14:25.709232" elapsed="1.091353"/>
</kw>
<status status="PASS" start="2025-02-06T21:14:05.405454" elapsed="21.395131"/>
</test>
<test id="s1-t2" name="User Login Without Email" line="25">
<kw name="Run Keyword" owner="BuiltIn">
<kw name="Open Flight Application" owner="base">
<kw name="Open Application" owner="AppiumLibrary">
<arg>remote_url=${REMOTE_URL}</arg>
<arg>platformName=${PLATFORM_NAME}</arg>
<arg>platformVersion=${PLATFORM_VERSION}</arg>
<arg>deviceName=${DEVICE_NAME}</arg>
<arg>appPackage=${APP_PACKAGE}</arg>
<arg>appActivity=${APP_ACTIVITY}</arg>
<doc>Opens a new application to given Appium server.
Capabilities of appium server, Android and iOS,
Please check https://appium.io/docs/en/2.1/cli/args/
| *Option*            | *Man.* | *Description*     |
| remote_url          | Yes    | Appium server url |
| alias               | no     | alias             |
| strict_ssl          | No     | allows you to send commands to an invalid certificate host like a self-signed one. |</doc>
<status status="PASS" start="2025-02-06T21:14:26.803351" elapsed="9.058859"/>
</kw>
<status status="PASS" start="2025-02-06T21:14:26.803351" elapsed="9.058859"/>
</kw>
<arg>Open Flight Application</arg>
<doc>Executes the given keyword with the given arguments.</doc>
<status status="PASS" start="2025-02-06T21:14:26.802838" elapsed="9.059372"/>
</kw>
<kw name="Login Without Email" owner="invalidLogin">
<kw name="Verify Home Page Appears" owner="homePage">
<kw name="Wait Until Element Is Visible" owner="AppiumLibrary">
<msg time="2025-02-06T21:14:36.974781" level="INFO">xpath criteria: //android.widget.ImageView[@resource-id="com.example.myapplication:id/imageView4"]</msg>
<arg>${logo_homePage}</arg>
<doc>Waits until element specified with `locator` is visible.</doc>
<status status="PASS" start="2025-02-06T21:14:35.864762" elapsed="1.110019"/>
</kw>
<status status="PASS" start="2025-02-06T21:14:35.864762" elapsed="1.111096"/>
</kw>
<kw name="Click Sign In Button On Home Page" owner="homePage">
<kw name="Wait Until Element Is Visible" owner="AppiumLibrary">
<msg time="2025-02-06T21:14:37.061637" level="INFO">xpath criteria: //android.widget.Button[@resource-id="com.example.myapplication:id/login"]</msg>
<arg>${signIn_button_homePage}</arg>
<doc>Waits until element specified with `locator` is visible.</doc>
<status status="PASS" start="2025-02-06T21:14:36.976865" elapsed="0.084772"/>
</kw>
<kw name="Click Element" owner="AppiumLibrary">
<msg time="2025-02-06T21:14:37.063703" level="INFO">Clicking element '//android.widget.Button[@resource-id="com.example.myapplication:id/login"]'.</msg>
<msg time="2025-02-06T21:14:37.208455" level="INFO">xpath criteria: //android.widget.Button[@resource-id="com.example.myapplication:id/login"]</msg>
<arg>${signIn_button_homePage}</arg>
<doc>Click element identified by `locator`.</doc>
<status status="PASS" start="2025-02-06T21:14:37.061637" elapsed="0.146818"/>
</kw>
<status status="PASS" start="2025-02-06T21:14:36.975858" elapsed="0.233593"/>
</kw>
<kw name="Verify Login Appears" owner="invalidLogin">
<kw name="Wait Until Element Is Visible" owner="AppiumLibrary">
<msg time="2025-02-06T21:14:38.295010" level="INFO">xpath criteria: //android.widget.EditText[@resource-id="com.example.myapplication:id/username"]
xpath criteria: //android.widget.EditText[@resource-id="com.example.myapplication:id/username"]</msg>
<arg>${email_input_loginPage}</arg>
<doc>Waits until element specified with `locator` is visible.</doc>
<status status="PASS" start="2025-02-06T21:14:37.210454" elapsed="1.085569"/>
</kw>
<kw name="Wait Until Element Is Visible" owner="AppiumLibrary">
<msg time="2025-02-06T21:14:38.427673" level="INFO">xpath criteria: //android.widget.EditText[@resource-id="com.example.myapplication:id/password"]</msg>
<arg>${password_input_loginPage}</arg>
<doc>Waits until element specified with `locator` is visible.</doc>
<status status="PASS" start="2025-02-06T21:14:38.296023" elapsed="0.131650"/>
</kw>
<kw name="Wait Until Element Is Visible" owner="AppiumLibrary">
<msg time="2025-02-06T21:14:38.522081" level="INFO">xpath criteria: //android.widget.Button[@resource-id="com.example.myapplication:id/signIn"]</msg>
<arg>${signIn_button_loginPage}</arg>
<doc>Waits until element specified with `locator` is visible.</doc>
<status status="PASS" start="2025-02-06T21:14:38.427673" elapsed="0.094408"/>
</kw>
<status status="PASS" start="2025-02-06T21:14:37.209451" elapsed="1.312630"/>
</kw>
<kw name="Input User Password On Login Page" owner="invalidLogin">
<kw name="Input Text" owner="AppiumLibrary">
<msg time="2025-02-06T21:14:38.525597" level="INFO">Typing text 'abc123' into text field '//android.widget.EditText[@resource-id="com.example.myapplication:id/password"]'</msg>
<msg time="2025-02-06T21:14:38.662422" level="INFO">xpath criteria: //android.widget.EditText[@resource-id="com.example.myapplication:id/password"]</msg>
<arg>${password_input_loginPage}</arg>
<arg>${password}</arg>
<doc>Types the given `text` into text field identified by `locator`.</doc>
<status status="PASS" start="2025-02-06T21:14:38.523588" elapsed="0.138834"/>
</kw>
<arg>${password}</arg>
<status status="PASS" start="2025-02-06T21:14:38.522081" elapsed="0.141352"/>
</kw>
<kw name="Click Sign In Button On Login Page" owner="invalidLogin">
<kw name="Click Element" owner="AppiumLibrary">
<msg time="2025-02-06T21:14:38.666062" level="INFO">Clicking element '//android.widget.Button[@resource-id="com.example.myapplication:id/signIn"]'.</msg>
<msg time="2025-02-06T21:14:39.255967" level="INFO">xpath criteria: //android.widget.Button[@resource-id="com.example.myapplication:id/signIn"]</msg>
<arg>${signIn_button_loginPage}</arg>
<doc>Click element identified by `locator`.</doc>
<status status="PASS" start="2025-02-06T21:14:38.663433" elapsed="0.592534"/>
</kw>
<status status="PASS" start="2025-02-06T21:14:38.663433" elapsed="0.592534"/>
</kw>
<status status="PASS" start="2025-02-06T21:14:35.863753" elapsed="3.392214"/>
</kw>
<kw name="Verify Valid Credentials" owner="invalidLogin">
<kw name="Wait Until Element Is Visible" owner="AppiumLibrary">
<msg time="2025-02-06T21:14:39.832613" level="INFO">xpath criteria: //android.widget.ImageView[@resource-id="com.example.myapplication:id/imageView3"]</msg>
<arg>${login_logo}</arg>
<doc>Waits until element specified with `locator` is visible.</doc>
<status status="PASS" start="2025-02-06T21:14:39.257479" elapsed="0.575134"/>
</kw>
<status status="PASS" start="2025-02-06T21:14:39.257479" elapsed="0.575134"/>
</kw>
<kw name="Close Flight Application" owner="base">
<kw name="Close Application" owner="AppiumLibrary">
<doc>Closes the current application and also close webdriver session.</doc>
<status status="PASS" start="2025-02-06T21:14:39.833639" elapsed="0.884686"/>
</kw>
<status status="PASS" start="2025-02-06T21:14:39.833639" elapsed="0.884686"/>
</kw>
<status status="PASS" start="2025-02-06T21:14:26.801595" elapsed="13.918749"/>
</test>
<test id="s1-t3" name="User Login Without Password" line="31">
<kw name="Run Keyword" owner="BuiltIn">
<kw name="Open Flight Application" owner="base">
<kw name="Open Application" owner="AppiumLibrary">
<arg>remote_url=${REMOTE_URL}</arg>
<arg>platformName=${PLATFORM_NAME}</arg>
<arg>platformVersion=${PLATFORM_VERSION}</arg>
<arg>deviceName=${DEVICE_NAME}</arg>
<arg>appPackage=${APP_PACKAGE}</arg>
<arg>appActivity=${APP_ACTIVITY}</arg>
<doc>Opens a new application to given Appium server.
Capabilities of appium server, Android and iOS,
Please check https://appium.io/docs/en/2.1/cli/args/
| *Option*            | *Man.* | *Description*     |
| remote_url          | Yes    | Appium server url |
| alias               | no     | alias             |
| strict_ssl          | No     | allows you to send commands to an invalid certificate host like a self-signed one. |</doc>
<status status="PASS" start="2025-02-06T21:14:40.723855" elapsed="8.777511"/>
</kw>
<status status="PASS" start="2025-02-06T21:14:40.723855" elapsed="8.777511"/>
</kw>
<arg>Open Flight Application</arg>
<doc>Executes the given keyword with the given arguments.</doc>
<status status="PASS" start="2025-02-06T21:14:40.723343" elapsed="8.778023"/>
</kw>
<kw name="Login Without Password" owner="invalidLogin">
<kw name="Verify Home Page Appears" owner="homePage">
<kw name="Wait Until Element Is Visible" owner="AppiumLibrary">
<msg time="2025-02-06T21:14:50.578698" level="INFO">xpath criteria: //android.widget.ImageView[@resource-id="com.example.myapplication:id/imageView4"]</msg>
<arg>${logo_homePage}</arg>
<doc>Waits until element specified with `locator` is visible.</doc>
<status status="PASS" start="2025-02-06T21:14:49.503893" elapsed="1.074805"/>
</kw>
<status status="PASS" start="2025-02-06T21:14:49.503382" elapsed="1.076358"/>
</kw>
<kw name="Click Sign In Button On Home Page" owner="homePage">
<kw name="Wait Until Element Is Visible" owner="AppiumLibrary">
<msg time="2025-02-06T21:14:50.659684" level="INFO">xpath criteria: //android.widget.Button[@resource-id="com.example.myapplication:id/login"]</msg>
<arg>${signIn_button_homePage}</arg>
<doc>Waits until element specified with `locator` is visible.</doc>
<status status="PASS" start="2025-02-06T21:14:50.579740" elapsed="0.079944"/>
</kw>
<kw name="Click Element" owner="AppiumLibrary">
<msg time="2025-02-06T21:14:50.661698" level="INFO">Clicking element '//android.widget.Button[@resource-id="com.example.myapplication:id/login"]'.</msg>
<msg time="2025-02-06T21:14:50.795811" level="INFO">xpath criteria: //android.widget.Button[@resource-id="com.example.myapplication:id/login"]</msg>
<arg>${signIn_button_homePage}</arg>
<doc>Click element identified by `locator`.</doc>
<status status="PASS" start="2025-02-06T21:14:50.659684" elapsed="0.136127"/>
</kw>
<status status="PASS" start="2025-02-06T21:14:50.579740" elapsed="0.216071"/>
</kw>
<kw name="Verify Login Appears" owner="invalidLogin">
<kw name="Wait Until Element Is Visible" owner="AppiumLibrary">
<msg time="2025-02-06T21:14:51.859628" level="INFO">xpath criteria: //android.widget.EditText[@resource-id="com.example.myapplication:id/username"]
xpath criteria: //android.widget.EditText[@resource-id="com.example.myapplication:id/username"]</msg>
<arg>${email_input_loginPage}</arg>
<doc>Waits until element specified with `locator` is visible.</doc>
<status status="PASS" start="2025-02-06T21:14:50.796647" elapsed="1.062981"/>
</kw>
<kw name="Wait Until Element Is Visible" owner="AppiumLibrary">
<msg time="2025-02-06T21:14:51.960706" level="INFO">xpath criteria: //android.widget.EditText[@resource-id="com.example.myapplication:id/password"]</msg>
<arg>${password_input_loginPage}</arg>
<doc>Waits until element specified with `locator` is visible.</doc>
<status status="PASS" start="2025-02-06T21:14:51.859628" elapsed="0.101078"/>
</kw>
<kw name="Wait Until Element Is Visible" owner="AppiumLibrary">
<msg time="2025-02-06T21:14:52.044623" level="INFO">xpath criteria: //android.widget.Button[@resource-id="com.example.myapplication:id/signIn"]</msg>
<arg>${signIn_button_loginPage}</arg>
<doc>Waits until element specified with `locator` is visible.</doc>
<status status="PASS" start="2025-02-06T21:14:51.960706" elapsed="0.083917"/>
</kw>
<status status="PASS" start="2025-02-06T21:14:50.796647" elapsed="1.247976"/>
</kw>
<kw name="Input User Email On Login Page" owner="invalidLogin">
<kw name="Input Text" owner="AppiumLibrary">
<msg time="2025-02-06T21:14:52.049194" level="INFO">Typing text 'support@ngendigital' into text field '//android.widget.EditText[@resource-id="com.example.myapplication:id/username"]'</msg>
<msg time="2025-02-06T21:14:52.181852" level="INFO">xpath criteria: //android.widget.EditText[@resource-id="com.example.myapplication:id/username"]</msg>
<arg>${email_input_loginPage}</arg>
<arg>${email}</arg>
<doc>Types the given `text` into text field identified by `locator`.</doc>
<status status="PASS" start="2025-02-06T21:14:52.045975" elapsed="0.135877"/>
</kw>
<arg>${email}</arg>
<status status="PASS" start="2025-02-06T21:14:52.045975" elapsed="0.135877"/>
</kw>
<kw name="Click Sign In Button On Login Page" owner="invalidLogin">
<kw name="Click Element" owner="AppiumLibrary">
<msg time="2025-02-06T21:14:52.185569" level="INFO">Clicking element '//android.widget.Button[@resource-id="com.example.myapplication:id/signIn"]'.</msg>
<msg time="2025-02-06T21:14:52.783456" level="INFO">xpath criteria: //android.widget.Button[@resource-id="com.example.myapplication:id/signIn"]</msg>
<arg>${signIn_button_loginPage}</arg>
<doc>Click element identified by `locator`.</doc>
<status status="PASS" start="2025-02-06T21:14:52.182527" elapsed="0.600929"/>
</kw>
<status status="PASS" start="2025-02-06T21:14:52.182527" elapsed="0.600929"/>
</kw>
<status status="PASS" start="2025-02-06T21:14:49.502386" elapsed="3.281070"/>
</kw>
<kw name="Verify Valid Credentials" owner="invalidLogin">
<kw name="Wait Until Element Is Visible" owner="AppiumLibrary">
<msg time="2025-02-06T21:14:53.355383" level="INFO">xpath criteria: //android.widget.ImageView[@resource-id="com.example.myapplication:id/imageView3"]</msg>
<arg>${login_logo}</arg>
<doc>Waits until element specified with `locator` is visible.</doc>
<status status="PASS" start="2025-02-06T21:14:52.784587" elapsed="0.571308"/>
</kw>
<status status="PASS" start="2025-02-06T21:14:52.784587" elapsed="0.571308"/>
</kw>
<kw name="Close Flight Application" owner="base">
<kw name="Close Application" owner="AppiumLibrary">
<doc>Closes the current application and also close webdriver session.</doc>
<status status="PASS" start="2025-02-06T21:14:53.355895" elapsed="0.932163"/>
</kw>
<status status="PASS" start="2025-02-06T21:14:53.355895" elapsed="0.932163"/>
</kw>
<status status="PASS" start="2025-02-06T21:14:40.722349" elapsed="13.566710"/>
</test>
<test id="s1-t4" name="User Login With Invalid Format Email" line="37">
<kw name="Run Keyword" owner="BuiltIn">
<kw name="Open Flight Application" owner="base">
<kw name="Open Application" owner="AppiumLibrary">
<arg>remote_url=${REMOTE_URL}</arg>
<arg>platformName=${PLATFORM_NAME}</arg>
<arg>platformVersion=${PLATFORM_VERSION}</arg>
<arg>deviceName=${DEVICE_NAME}</arg>
<arg>appPackage=${APP_PACKAGE}</arg>
<arg>appActivity=${APP_ACTIVITY}</arg>
<doc>Opens a new application to given Appium server.
Capabilities of appium server, Android and iOS,
Please check https://appium.io/docs/en/2.1/cli/args/
| *Option*            | *Man.* | *Description*     |
| remote_url          | Yes    | Appium server url |
| alias               | no     | alias             |
| strict_ssl          | No     | allows you to send commands to an invalid certificate host like a self-signed one. |</doc>
<status status="PASS" start="2025-02-06T21:14:54.293664" elapsed="8.838617"/>
</kw>
<status status="PASS" start="2025-02-06T21:14:54.293125" elapsed="8.839156"/>
</kw>
<arg>Open Flight Application</arg>
<doc>Executes the given keyword with the given arguments.</doc>
<status status="PASS" start="2025-02-06T21:14:54.292111" elapsed="8.841678"/>
</kw>
<kw name="Login With Invalid Format Email" owner="invalidLogin">
<kw name="Verify Home Page Appears" owner="homePage">
<kw name="Wait Until Element Is Visible" owner="AppiumLibrary">
<msg time="2025-02-06T21:15:04.218190" level="INFO">xpath criteria: //android.widget.ImageView[@resource-id="com.example.myapplication:id/imageView4"]</msg>
<arg>${logo_homePage}</arg>
<doc>Waits until element specified with `locator` is visible.</doc>
<status status="PASS" start="2025-02-06T21:15:03.135799" elapsed="1.082391"/>
</kw>
<status status="PASS" start="2025-02-06T21:15:03.134799" elapsed="1.083391"/>
</kw>
<kw name="Click Sign In Button On Home Page" owner="homePage">
<kw name="Wait Until Element Is Visible" owner="AppiumLibrary">
<msg time="2025-02-06T21:15:04.299602" level="INFO">xpath criteria: //android.widget.Button[@resource-id="com.example.myapplication:id/login"]</msg>
<arg>${signIn_button_homePage}</arg>
<doc>Waits until element specified with `locator` is visible.</doc>
<status status="PASS" start="2025-02-06T21:15:04.219205" elapsed="0.080901"/>
</kw>
<kw name="Click Element" owner="AppiumLibrary">
<msg time="2025-02-06T21:15:04.302113" level="INFO">Clicking element '//android.widget.Button[@resource-id="com.example.myapplication:id/login"]'.</msg>
<msg time="2025-02-06T21:15:04.421158" level="INFO">xpath criteria: //android.widget.Button[@resource-id="com.example.myapplication:id/login"]</msg>
<arg>${signIn_button_homePage}</arg>
<doc>Click element identified by `locator`.</doc>
<status status="PASS" start="2025-02-06T21:15:04.300106" elapsed="0.121856"/>
</kw>
<status status="PASS" start="2025-02-06T21:15:04.219205" elapsed="0.202757"/>
</kw>
<kw name="Verify Login Appears" owner="invalidLogin">
<kw name="Wait Until Element Is Visible" owner="AppiumLibrary">
<msg time="2025-02-06T21:15:05.492522" level="INFO">xpath criteria: //android.widget.EditText[@resource-id="com.example.myapplication:id/username"]
xpath criteria: //android.widget.EditText[@resource-id="com.example.myapplication:id/username"]</msg>
<arg>${email_input_loginPage}</arg>
<doc>Waits until element specified with `locator` is visible.</doc>
<status status="PASS" start="2025-02-06T21:15:04.421962" elapsed="1.070560"/>
</kw>
<kw name="Wait Until Element Is Visible" owner="AppiumLibrary">
<msg time="2025-02-06T21:15:05.601028" level="INFO">xpath criteria: //android.widget.EditText[@resource-id="com.example.myapplication:id/password"]</msg>
<arg>${password_input_loginPage}</arg>
<doc>Waits until element specified with `locator` is visible.</doc>
<status status="PASS" start="2025-02-06T21:15:05.493055" elapsed="0.107973"/>
</kw>
<kw name="Wait Until Element Is Visible" owner="AppiumLibrary">
<msg time="2025-02-06T21:15:05.689564" level="INFO">xpath criteria: //android.widget.Button[@resource-id="com.example.myapplication:id/signIn"]</msg>
<arg>${signIn_button_loginPage}</arg>
<doc>Waits until element specified with `locator` is visible.</doc>
<status status="PASS" start="2025-02-06T21:15:05.601028" elapsed="0.089543"/>
</kw>
<status status="PASS" start="2025-02-06T21:15:04.421962" elapsed="1.268609"/>
</kw>
<kw name="Input User Email On Login Page" owner="invalidLogin">
<kw name="Input Text" owner="AppiumLibrary">
<msg time="2025-02-06T21:15:05.693583" level="INFO">Typing text 'support@ngendigital' into text field '//android.widget.EditText[@resource-id="com.example.myapplication:id/username"]'</msg>
<msg time="2025-02-06T21:15:05.826456" level="INFO">xpath criteria: //android.widget.EditText[@resource-id="com.example.myapplication:id/username"]</msg>
<arg>${email_input_loginPage}</arg>
<arg>${email}</arg>
<doc>Types the given `text` into text field identified by `locator`.</doc>
<status status="PASS" start="2025-02-06T21:15:05.691574" elapsed="0.134882"/>
</kw>
<arg>${email}</arg>
<status status="PASS" start="2025-02-06T21:15:05.690571" elapsed="0.135885"/>
</kw>
<kw name="Input User Password On Login Page" owner="invalidLogin">
<kw name="Input Text" owner="AppiumLibrary">
<msg time="2025-02-06T21:15:05.831488" level="INFO">Typing text 'abc123' into text field '//android.widget.EditText[@resource-id="com.example.myapplication:id/password"]'</msg>
<msg time="2025-02-06T21:15:06.392552" level="INFO">xpath criteria: //android.widget.EditText[@resource-id="com.example.myapplication:id/password"]</msg>
<arg>${password_input_loginPage}</arg>
<arg>${password}</arg>
<doc>Types the given `text` into text field identified by `locator`.</doc>
<status status="PASS" start="2025-02-06T21:15:05.827796" elapsed="0.564756"/>
</kw>
<arg>${password}</arg>
<status status="PASS" start="2025-02-06T21:15:05.826456" elapsed="0.566096"/>
</kw>
<kw name="Click Sign In Button On Login Page" owner="invalidLogin">
<kw name="Click Element" owner="AppiumLibrary">
<msg time="2025-02-06T21:15:06.395076" level="INFO">Clicking element '//android.widget.Button[@resource-id="com.example.myapplication:id/signIn"]'.</msg>
<msg time="2025-02-06T21:15:06.969686" level="INFO">xpath criteria: //android.widget.Button[@resource-id="com.example.myapplication:id/signIn"]</msg>
<arg>${signIn_button_loginPage}</arg>
<doc>Click element identified by `locator`.</doc>
<status status="PASS" start="2025-02-06T21:15:06.393560" elapsed="0.577130"/>
</kw>
<status status="PASS" start="2025-02-06T21:15:06.392552" elapsed="0.578138"/>
</kw>
<status status="PASS" start="2025-02-06T21:15:03.134799" elapsed="3.835891"/>
</kw>
<kw name="Verify Valid Credentials" owner="invalidLogin">
<kw name="Wait Until Element Is Visible" owner="AppiumLibrary">
<msg time="2025-02-06T21:15:07.576382" level="INFO">xpath criteria: //android.widget.ImageView[@resource-id="com.example.myapplication:id/imageView3"]</msg>
<arg>${login_logo}</arg>
<doc>Waits until element specified with `locator` is visible.</doc>
<status status="PASS" start="2025-02-06T21:15:06.971690" elapsed="0.604692"/>
</kw>
<status status="PASS" start="2025-02-06T21:15:06.970690" elapsed="0.605692"/>
</kw>
<kw name="Close Flight Application" owner="base">
<kw name="Close Application" owner="AppiumLibrary">
<doc>Closes the current application and also close webdriver session.</doc>
<status status="PASS" start="2025-02-06T21:15:07.578414" elapsed="0.775799"/>
</kw>
<status status="PASS" start="2025-02-06T21:15:07.577401" elapsed="0.777826"/>
</kw>
<status status="PASS" start="2025-02-06T21:14:54.291070" elapsed="14.065154"/>
</test>
<test id="s1-t5" name="User Login With Invalid Credentials" line="43">
<kw name="Run Keyword" owner="BuiltIn">
<kw name="Open Flight Application" owner="base">
<kw name="Open Application" owner="AppiumLibrary">
<arg>remote_url=${REMOTE_URL}</arg>
<arg>platformName=${PLATFORM_NAME}</arg>
<arg>platformVersion=${PLATFORM_VERSION}</arg>
<arg>deviceName=${DEVICE_NAME}</arg>
<arg>appPackage=${APP_PACKAGE}</arg>
<arg>appActivity=${APP_ACTIVITY}</arg>
<doc>Opens a new application to given Appium server.
Capabilities of appium server, Android and iOS,
Please check https://appium.io/docs/en/2.1/cli/args/
| *Option*            | *Man.* | *Description*     |
| remote_url          | Yes    | Appium server url |
| alias               | no     | alias             |
| strict_ssl          | No     | allows you to send commands to an invalid certificate host like a self-signed one. |</doc>
<status status="PASS" start="2025-02-06T21:15:08.358598" elapsed="8.920500"/>
</kw>
<status status="PASS" start="2025-02-06T21:15:08.357740" elapsed="8.921358"/>
</kw>
<arg>Open Flight Application</arg>
<doc>Executes the given keyword with the given arguments.</doc>
<status status="PASS" start="2025-02-06T21:15:08.357740" elapsed="8.921358"/>
</kw>
<kw name="Login With Invalid Credentials" owner="invalidLogin">
<kw name="Verify Home Page Appears" owner="homePage">
<kw name="Wait Until Element Is Visible" owner="AppiumLibrary">
<msg time="2025-02-06T21:15:18.348035" level="INFO">xpath criteria: //android.widget.ImageView[@resource-id="com.example.myapplication:id/imageView4"]</msg>
<arg>${logo_homePage}</arg>
<doc>Waits until element specified with `locator` is visible.</doc>
<status status="PASS" start="2025-02-06T21:15:17.282110" elapsed="1.065925"/>
</kw>
<status status="PASS" start="2025-02-06T21:15:17.282110" elapsed="1.065925"/>
</kw>
<kw name="Click Sign In Button On Home Page" owner="homePage">
<kw name="Wait Until Element Is Visible" owner="AppiumLibrary">
<msg time="2025-02-06T21:15:18.438146" level="INFO">xpath criteria: //android.widget.Button[@resource-id="com.example.myapplication:id/login"]</msg>
<arg>${signIn_button_homePage}</arg>
<doc>Waits until element specified with `locator` is visible.</doc>
<status status="PASS" start="2025-02-06T21:15:18.349037" elapsed="0.089109"/>
</kw>
<kw name="Click Element" owner="AppiumLibrary">
<msg time="2025-02-06T21:15:18.441145" level="INFO">Clicking element '//android.widget.Button[@resource-id="com.example.myapplication:id/login"]'.</msg>
<msg time="2025-02-06T21:15:18.591516" level="INFO">xpath criteria: //android.widget.Button[@resource-id="com.example.myapplication:id/login"]</msg>
<arg>${signIn_button_homePage}</arg>
<doc>Click element identified by `locator`.</doc>
<status status="PASS" start="2025-02-06T21:15:18.438146" elapsed="0.153370"/>
</kw>
<status status="PASS" start="2025-02-06T21:15:18.349037" elapsed="0.242479"/>
</kw>
<kw name="Verify Login Appears" owner="invalidLogin">
<kw name="Wait Until Element Is Visible" owner="AppiumLibrary">
<msg time="2025-02-06T21:15:19.689263" level="INFO">xpath criteria: //android.widget.EditText[@resource-id="com.example.myapplication:id/username"]
xpath criteria: //android.widget.EditText[@resource-id="com.example.myapplication:id/username"]</msg>
<arg>${email_input_loginPage}</arg>
<doc>Waits until element specified with `locator` is visible.</doc>
<status status="PASS" start="2025-02-06T21:15:18.592023" elapsed="1.097240"/>
</kw>
<kw name="Wait Until Element Is Visible" owner="AppiumLibrary">
<msg time="2025-02-06T21:15:19.809525" level="INFO">xpath criteria: //android.widget.EditText[@resource-id="com.example.myapplication:id/password"]</msg>
<arg>${password_input_loginPage}</arg>
<doc>Waits until element specified with `locator` is visible.</doc>
<status status="PASS" start="2025-02-06T21:15:19.689263" elapsed="0.120262"/>
</kw>
<kw name="Wait Until Element Is Visible" owner="AppiumLibrary">
<msg time="2025-02-06T21:15:19.903817" level="INFO">xpath criteria: //android.widget.Button[@resource-id="com.example.myapplication:id/signIn"]</msg>
<arg>${signIn_button_loginPage}</arg>
<doc>Waits until element specified with `locator` is visible.</doc>
<status status="PASS" start="2025-02-06T21:15:19.809525" elapsed="0.094292"/>
</kw>
<status status="PASS" start="2025-02-06T21:15:18.592023" elapsed="1.311794"/>
</kw>
<kw name="Input User Email On Login Page" owner="invalidLogin">
<kw name="Input Text" owner="AppiumLibrary">
<msg time="2025-02-06T21:15:19.907332" level="INFO">Typing text 'admin@ngendigital.com' into text field '//android.widget.EditText[@resource-id="com.example.myapplication:id/username"]'</msg>
<msg time="2025-02-06T21:15:20.048107" level="INFO">xpath criteria: //android.widget.EditText[@resource-id="com.example.myapplication:id/username"]</msg>
<arg>${email_input_loginPage}</arg>
<arg>${email}</arg>
<doc>Types the given `text` into text field identified by `locator`.</doc>
<status status="PASS" start="2025-02-06T21:15:19.904825" elapsed="0.143282"/>
</kw>
<arg>${email}</arg>
<status status="PASS" start="2025-02-06T21:15:19.903817" elapsed="0.145287"/>
</kw>
<kw name="Input User Password On Login Page" owner="invalidLogin">
<kw name="Input Text" owner="AppiumLibrary">
<msg time="2025-02-06T21:15:20.052421" level="INFO">Typing text 'abc12345' into text field '//android.widget.EditText[@resource-id="com.example.myapplication:id/password"]'</msg>
<msg time="2025-02-06T21:15:20.614203" level="INFO">xpath criteria: //android.widget.EditText[@resource-id="com.example.myapplication:id/password"]</msg>
<arg>${password_input_loginPage}</arg>
<arg>${password}</arg>
<doc>Types the given `text` into text field identified by `locator`.</doc>
<status status="PASS" start="2025-02-06T21:15:20.049104" elapsed="0.565099"/>
</kw>
<arg>${password}</arg>
<status status="PASS" start="2025-02-06T21:15:20.049104" elapsed="0.565099"/>
</kw>
<kw name="Click Sign In Button On Login Page" owner="invalidLogin">
<kw name="Click Element" owner="AppiumLibrary">
<msg time="2025-02-06T21:15:20.617138" level="INFO">Clicking element '//android.widget.Button[@resource-id="com.example.myapplication:id/signIn"]'.</msg>
<msg time="2025-02-06T21:15:21.189024" level="INFO">xpath criteria: //android.widget.Button[@resource-id="com.example.myapplication:id/signIn"]</msg>
<arg>${signIn_button_loginPage}</arg>
<doc>Click element identified by `locator`.</doc>
<status status="PASS" start="2025-02-06T21:15:20.615216" elapsed="0.573808"/>
</kw>
<status status="PASS" start="2025-02-06T21:15:20.615216" elapsed="0.573808"/>
</kw>
<status status="PASS" start="2025-02-06T21:15:17.281108" elapsed="3.907916"/>
</kw>
<kw name="Verify Valid Credentials" owner="invalidLogin">
<kw name="Wait Until Element Is Visible" owner="AppiumLibrary">
<msg time="2025-02-06T21:15:21.777041" level="INFO">xpath criteria: //android.widget.ImageView[@resource-id="com.example.myapplication:id/imageView3"]</msg>
<arg>${login_logo}</arg>
<doc>Waits until element specified with `locator` is visible.</doc>
<status status="PASS" start="2025-02-06T21:15:21.191236" elapsed="0.587207"/>
</kw>
<status status="PASS" start="2025-02-06T21:15:21.190228" elapsed="0.588215"/>
</kw>
<kw name="Close Flight Application" owner="base">
<kw name="Close Application" owner="AppiumLibrary">
<doc>Closes the current application and also close webdriver session.</doc>
<status status="PASS" start="2025-02-06T21:15:21.779454" elapsed="0.794117"/>
</kw>
<status status="PASS" start="2025-02-06T21:15:21.778443" elapsed="0.795128"/>
</kw>
<status status="PASS" start="2025-02-06T21:15:08.356224" elapsed="14.217347"/>
</test>
<status status="PASS" start="2025-02-06T21:14:04.882853" elapsed="77.693266"/>
</suite>
<statistics>
<total>
<stat pass="5" fail="0" skip="0">All Tests</stat>
</total>
<tag>
</tag>
<suite>
<stat name="loginInvalidCred" id="s1" pass="5" fail="0" skip="0">loginInvalidCred</stat>
</suite>
</statistics>
<errors>
</errors>
</robot>
