<?xml version="1.0" encoding="UTF-8"?>
<robot generator="Robot 7.2 (Python 3.12.8 on win32)" generated="2025-01-27T23:28:39.930772" rpa="false" schemaversion="5">
<suite id="s1" name="searchSuite" source="C:\Users\Administrator\Desktop\Sanber63-Mobile-Kelompok8\Suites\searchSuite.robot">
<test id="s1-t1" name="Valid Flight Number" line="11">
<kw name="Run Keywords" owner="BuiltIn" type="SETUP">
<kw name="Open Flight Application" owner="base">
<kw name="Open Application" owner="AppiumLibrary">
<arg>remote_url=http://127.0.0.1:4723/wd/hub</arg>
<arg>platformName=Android</arg>
<arg>platformVersion=12.0</arg>
<arg>deviceName=emulator-5554</arg>
<arg>appPackage=com.example.myapplication</arg>
<arg>appActivity=com.example.myapplication.MainActivity</arg>
<doc>Opens a new application to given Appium server.
Capabilities of appium server, Android and iOS,
Please check https://appium.io/docs/en/2.1/cli/args/
| *Option*            | *Man.* | *Description*     |
| remote_url          | Yes    | Appium server url |
| alias               | no     | alias             |
| strict_ssl          | No     | allows you to send commands to an invalid certificate host like a self-signed one. |</doc>
<status status="PASS" start="2025-01-27T23:28:40.198913" elapsed="9.226048"/>
</kw>
<status status="PASS" start="2025-01-27T23:28:40.198913" elapsed="9.226048"/>
</kw>
<kw name="Login With Valid Credentials" owner="loginPage">
<kw name="Verify Home Page Appears" owner="homePage">
<kw name="Wait Until Element Is Visible" owner="AppiumLibrary">
<msg time="2025-01-27T23:28:50.353767" level="INFO">xpath criteria: //android.widget.ImageView[@resource-id="com.example.myapplication:id/imageView4"]</msg>
<arg>${logo_homePage}</arg>
<doc>Waits until element specified with `locator` is visible.</doc>
<status status="PASS" start="2025-01-27T23:28:49.425958" elapsed="0.927809"/>
</kw>
<status status="PASS" start="2025-01-27T23:28:49.425958" elapsed="0.927809"/>
</kw>
<kw name="Click Sign In Button On Home Page" owner="homePage">
<kw name="Wait Until Element Is Visible" owner="AppiumLibrary">
<msg time="2025-01-27T23:28:50.429982" level="INFO">xpath criteria: //android.widget.Button[@resource-id="com.example.myapplication:id/login"]</msg>
<arg>${signIn_button_homePage}</arg>
<doc>Waits until element specified with `locator` is visible.</doc>
<status status="PASS" start="2025-01-27T23:28:50.354832" elapsed="0.075150"/>
</kw>
<kw name="Click Element" owner="AppiumLibrary">
<msg time="2025-01-27T23:28:50.430593" level="INFO">Clicking element '//android.widget.Button[@resource-id="com.example.myapplication:id/login"]'.</msg>
<msg time="2025-01-27T23:28:50.662184" level="INFO">xpath criteria: //android.widget.Button[@resource-id="com.example.myapplication:id/login"]</msg>
<arg>${signIn_button_homePage}</arg>
<doc>Click element identified by `locator`.</doc>
<status status="PASS" start="2025-01-27T23:28:50.429982" elapsed="0.232202"/>
</kw>
<status status="PASS" start="2025-01-27T23:28:50.354832" elapsed="0.307352"/>
</kw>
<kw name="Verify Login Appears" owner="loginPage">
<kw name="Wait Until Element Is Visible" owner="AppiumLibrary">
<msg time="2025-01-27T23:28:51.580756" level="INFO">xpath criteria: //android.widget.EditText[@resource-id="com.example.myapplication:id/username"]
xpath criteria: //android.widget.EditText[@resource-id="com.example.myapplication:id/username"]</msg>
<arg>${email_input_loginPage}</arg>
<doc>Waits until element specified with `locator` is visible.</doc>
<status status="PASS" start="2025-01-27T23:28:50.663184" elapsed="0.917572"/>
</kw>
<kw name="Wait Until Element Is Visible" owner="AppiumLibrary">
<msg time="2025-01-27T23:28:51.731809" level="INFO">xpath criteria: //android.widget.EditText[@resource-id="com.example.myapplication:id/password"]</msg>
<arg>${password_input_loginPage}</arg>
<doc>Waits until element specified with `locator` is visible.</doc>
<status status="PASS" start="2025-01-27T23:28:51.580756" elapsed="0.151053"/>
</kw>
<kw name="Wait Until Element Is Visible" owner="AppiumLibrary">
<msg time="2025-01-27T23:28:51.811508" level="INFO">xpath criteria: //android.widget.Button[@resource-id="com.example.myapplication:id/signIn"]</msg>
<arg>${signIn_button_loginPage}</arg>
<doc>Waits until element specified with `locator` is visible.</doc>
<status status="PASS" start="2025-01-27T23:28:51.731809" elapsed="0.079699"/>
</kw>
<status status="PASS" start="2025-01-27T23:28:50.663184" elapsed="1.148324"/>
</kw>
<kw name="Input User Email On Login Page" owner="loginPage">
<kw name="Input Text" owner="AppiumLibrary">
<msg time="2025-01-27T23:28:51.813010" level="INFO">Typing text 'support@ngendigital.com' into text field '//android.widget.EditText[@resource-id="com.example.myapplication:id/username"]'</msg>
<msg time="2025-01-27T23:28:51.913321" level="INFO">xpath criteria: //android.widget.EditText[@resource-id="com.example.myapplication:id/username"]</msg>
<arg>${email_input_loginPage}</arg>
<arg>${email}</arg>
<doc>Types the given `text` into text field identified by `locator`.</doc>
<status status="PASS" start="2025-01-27T23:28:51.811508" elapsed="0.101813"/>
</kw>
<arg>${email}</arg>
<status status="PASS" start="2025-01-27T23:28:51.811508" elapsed="0.102808"/>
</kw>
<kw name="Input User Password On Login Page" owner="loginPage">
<kw name="Input Text" owner="AppiumLibrary">
<msg time="2025-01-27T23:28:51.917309" level="INFO">Typing text 'abc123' into text field '//android.widget.EditText[@resource-id="com.example.myapplication:id/password"]'</msg>
<msg time="2025-01-27T23:28:52.469955" level="INFO">xpath criteria: //android.widget.EditText[@resource-id="com.example.myapplication:id/password"]</msg>
<arg>${password_input_loginPage}</arg>
<arg>${password}</arg>
<doc>Types the given `text` into text field identified by `locator`.</doc>
<status status="PASS" start="2025-01-27T23:28:51.914316" elapsed="0.555639"/>
</kw>
<arg>${password}</arg>
<status status="PASS" start="2025-01-27T23:28:51.914316" elapsed="0.555639"/>
</kw>
<kw name="Click Sign In Button On Login Page" owner="loginPage">
<kw name="Click Element" owner="AppiumLibrary">
<msg time="2025-01-27T23:28:52.472356" level="INFO">Clicking element '//android.widget.Button[@resource-id="com.example.myapplication:id/signIn"]'.</msg>
<msg time="2025-01-27T23:28:53.081879" level="INFO">xpath criteria: //android.widget.Button[@resource-id="com.example.myapplication:id/signIn"]</msg>
<arg>${signIn_button_loginPage}</arg>
<doc>Click element identified by `locator`.</doc>
<status status="PASS" start="2025-01-27T23:28:52.470946" elapsed="0.611931"/>
</kw>
<status status="PASS" start="2025-01-27T23:28:52.470946" elapsed="0.611931"/>
</kw>
<status status="PASS" start="2025-01-27T23:28:49.425958" elapsed="3.656919"/>
</kw>
<arg>Open Flight Application</arg>
<arg>Login With Valid Credentials</arg>
<doc>Executes all the given keywords in a sequence.</doc>
<status status="PASS" start="2025-01-27T23:28:40.198913" elapsed="12.883964"/>
</kw>
<kw name="Verify User Is Logged In" owner="homePage">
<kw name="Wait Until Element Is Visible" owner="AppiumLibrary">
<msg time="2025-01-27T23:28:53.896795" level="INFO">xpath criteria: //android.widget.TextView[@resource-id="com.example.myapplication:id/textView"]</msg>
<arg>${userName_text_homePage}</arg>
<doc>Waits until element specified with `locator` is visible.</doc>
<status status="PASS" start="2025-01-27T23:28:53.084027" elapsed="0.812768"/>
</kw>
<status status="PASS" start="2025-01-27T23:28:53.083505" elapsed="0.813290"/>
</kw>
<kw name="Click Search Button" owner="searchPage">
<kw name="Click Element" owner="AppiumLibrary">
<msg time="2025-01-27T23:28:53.899070" level="INFO">Clicking element '//android.widget.Button[@resource-id="com.example.myapplication:id/search_flight"]'.</msg>
<msg time="2025-01-27T23:28:54.012904" level="INFO">xpath criteria: //android.widget.Button[@resource-id="com.example.myapplication:id/search_flight"]</msg>
<arg>locator=//android.widget.Button[@resource-id="com.example.myapplication:id/search_flight"]</arg>
<doc>Click element identified by `locator`.</doc>
<status status="PASS" start="2025-01-27T23:28:53.898080" elapsed="0.114824"/>
</kw>
<status status="PASS" start="2025-01-27T23:28:53.898080" elapsed="0.114824"/>
</kw>
<kw name="Input Flight Number" owner="searchPage">
<kw name="Wait Until Element Is Visible" owner="AppiumLibrary">
<msg time="2025-01-27T23:28:55.398676" level="INFO">xpath criteria: //android.widget.EditText[@resource-id="com.example.myapplication:id/flight_number"]
xpath criteria: //android.widget.EditText[@resource-id="com.example.myapplication:id/flight_number"]</msg>
<arg>locator=//android.widget.EditText[@resource-id="com.example.myapplication:id/flight_number"]</arg>
<doc>Waits until element specified with `locator` is visible.</doc>
<status status="PASS" start="2025-01-27T23:28:54.013902" elapsed="1.384774"/>
</kw>
<kw name="Input Text" owner="AppiumLibrary">
<msg time="2025-01-27T23:28:55.400229" level="INFO">Typing text 'DA935' into text field '//android.widget.EditText[@resource-id="com.example.myapplication:id/flight_number"]'</msg>
<msg time="2025-01-27T23:28:55.479571" level="INFO">xpath criteria: //android.widget.EditText[@resource-id="com.example.myapplication:id/flight_number"]</msg>
<arg>locator=//android.widget.EditText[@resource-id="com.example.myapplication:id/flight_number"]</arg>
<arg>text=DA935</arg>
<doc>Types the given `text` into text field identified by `locator`.</doc>
<status status="PASS" start="2025-01-27T23:28:55.398676" elapsed="0.082449"/>
</kw>
<status status="PASS" start="2025-01-27T23:28:54.013902" elapsed="1.467223"/>
</kw>
<kw name="Click Search Button On Flight Number Page" owner="searchPage">
<kw name="Click Element" owner="AppiumLibrary">
<msg time="2025-01-27T23:28:55.487111" level="INFO">Clicking element '//android.widget.Button[@resource-id="com.example.myapplication:id/searchFlight"]'.</msg>
<msg time="2025-01-27T23:28:56.032329" level="INFO">xpath criteria: //android.widget.Button[@resource-id="com.example.myapplication:id/searchFlight"]</msg>
<arg>locator=//android.widget.Button[@resource-id="com.example.myapplication:id/searchFlight"]</arg>
<doc>Click element identified by `locator`.</doc>
<status status="PASS" start="2025-01-27T23:28:55.485117" elapsed="0.547212"/>
</kw>
<status status="PASS" start="2025-01-27T23:28:55.485117" elapsed="0.548209"/>
</kw>
<status status="PASS" start="2025-01-27T23:28:40.196954" elapsed="15.837371"/>
</test>
<test id="s1-t2" name="Invalid Flight Number" line="17">
<kw name="Run Keywords" owner="BuiltIn" type="SETUP">
<kw name="Open Flight Application" owner="base">
<kw name="Open Application" owner="AppiumLibrary">
<arg>remote_url=http://127.0.0.1:4723/wd/hub</arg>
<arg>platformName=Android</arg>
<arg>platformVersion=12.0</arg>
<arg>deviceName=emulator-5554</arg>
<arg>appPackage=com.example.myapplication</arg>
<arg>appActivity=com.example.myapplication.MainActivity</arg>
<doc>Opens a new application to given Appium server.
Capabilities of appium server, Android and iOS,
Please check https://appium.io/docs/en/2.1/cli/args/
| *Option*            | *Man.* | *Description*     |
| remote_url          | Yes    | Appium server url |
| alias               | no     | alias             |
| strict_ssl          | No     | allows you to send commands to an invalid certificate host like a self-signed one. |</doc>
<status status="PASS" start="2025-01-27T23:28:56.036320" elapsed="11.412923"/>
</kw>
<status status="PASS" start="2025-01-27T23:28:56.036320" elapsed="11.413920"/>
</kw>
<kw name="Login With Valid Credentials" owner="loginPage">
<kw name="Verify Home Page Appears" owner="homePage">
<kw name="Wait Until Element Is Visible" owner="AppiumLibrary">
<msg time="2025-01-27T23:29:08.364091" level="INFO">xpath criteria: //android.widget.ImageView[@resource-id="com.example.myapplication:id/imageView4"]</msg>
<arg>${logo_homePage}</arg>
<doc>Waits until element specified with `locator` is visible.</doc>
<status status="PASS" start="2025-01-27T23:29:07.451241" elapsed="0.912850"/>
</kw>
<status status="PASS" start="2025-01-27T23:29:07.450240" elapsed="0.913851"/>
</kw>
<kw name="Click Sign In Button On Home Page" owner="homePage">
<kw name="Wait Until Element Is Visible" owner="AppiumLibrary">
<msg time="2025-01-27T23:29:08.429968" level="INFO">xpath criteria: //android.widget.Button[@resource-id="com.example.myapplication:id/login"]</msg>
<arg>${signIn_button_homePage}</arg>
<doc>Waits until element specified with `locator` is visible.</doc>
<status status="PASS" start="2025-01-27T23:29:08.364091" elapsed="0.066286"/>
</kw>
<kw name="Click Element" owner="AppiumLibrary">
<msg time="2025-01-27T23:29:08.431933" level="INFO">Clicking element '//android.widget.Button[@resource-id="com.example.myapplication:id/login"]'.</msg>
<msg time="2025-01-27T23:29:08.576535" level="INFO">xpath criteria: //android.widget.Button[@resource-id="com.example.myapplication:id/login"]</msg>
<arg>${signIn_button_homePage}</arg>
<doc>Click element identified by `locator`.</doc>
<status status="PASS" start="2025-01-27T23:29:08.430377" elapsed="0.146158"/>
</kw>
<status status="PASS" start="2025-01-27T23:29:08.364091" elapsed="0.213442"/>
</kw>
<kw name="Verify Login Appears" owner="loginPage">
<kw name="Wait Until Element Is Visible" owner="AppiumLibrary">
<msg time="2025-01-27T23:29:09.562818" level="INFO">xpath criteria: //android.widget.EditText[@resource-id="com.example.myapplication:id/username"]
xpath criteria: //android.widget.EditText[@resource-id="com.example.myapplication:id/username"]</msg>
<arg>${email_input_loginPage}</arg>
<doc>Waits until element specified with `locator` is visible.</doc>
<status status="PASS" start="2025-01-27T23:29:08.577533" elapsed="0.985285"/>
</kw>
<kw name="Wait Until Element Is Visible" owner="AppiumLibrary">
<msg time="2025-01-27T23:29:09.745119" level="INFO">xpath criteria: //android.widget.EditText[@resource-id="com.example.myapplication:id/password"]</msg>
<arg>${password_input_loginPage}</arg>
<doc>Waits until element specified with `locator` is visible.</doc>
<status status="PASS" start="2025-01-27T23:29:09.562818" elapsed="0.182301"/>
</kw>
<kw name="Wait Until Element Is Visible" owner="AppiumLibrary">
<msg time="2025-01-27T23:29:09.834854" level="INFO">xpath criteria: //android.widget.Button[@resource-id="com.example.myapplication:id/signIn"]</msg>
<arg>${signIn_button_loginPage}</arg>
<doc>Waits until element specified with `locator` is visible.</doc>
<status status="PASS" start="2025-01-27T23:29:09.745119" elapsed="0.089735"/>
</kw>
<status status="PASS" start="2025-01-27T23:29:08.577533" elapsed="1.257321"/>
</kw>
<kw name="Input User Email On Login Page" owner="loginPage">
<kw name="Input Text" owner="AppiumLibrary">
<msg time="2025-01-27T23:29:09.837871" level="INFO">Typing text 'support@ngendigital.com' into text field '//android.widget.EditText[@resource-id="com.example.myapplication:id/username"]'</msg>
<msg time="2025-01-27T23:29:09.947386" level="INFO">xpath criteria: //android.widget.EditText[@resource-id="com.example.myapplication:id/username"]</msg>
<arg>${email_input_loginPage}</arg>
<arg>${email}</arg>
<doc>Types the given `text` into text field identified by `locator`.</doc>
<status status="PASS" start="2025-01-27T23:29:09.835851" elapsed="0.111535"/>
</kw>
<arg>${email}</arg>
<status status="PASS" start="2025-01-27T23:29:09.834854" elapsed="0.112532"/>
</kw>
<kw name="Input User Password On Login Page" owner="loginPage">
<kw name="Input Text" owner="AppiumLibrary">
<msg time="2025-01-27T23:29:09.950377" level="INFO">Typing text 'abc123' into text field '//android.widget.EditText[@resource-id="com.example.myapplication:id/password"]'</msg>
<msg time="2025-01-27T23:29:10.510274" level="INFO">xpath criteria: //android.widget.EditText[@resource-id="com.example.myapplication:id/password"]</msg>
<arg>${password_input_loginPage}</arg>
<arg>${password}</arg>
<doc>Types the given `text` into text field identified by `locator`.</doc>
<status status="PASS" start="2025-01-27T23:29:09.948386" elapsed="0.561888"/>
</kw>
<arg>${password}</arg>
<status status="PASS" start="2025-01-27T23:29:09.947386" elapsed="0.562888"/>
</kw>
<kw name="Click Sign In Button On Login Page" owner="loginPage">
<kw name="Click Element" owner="AppiumLibrary">
<msg time="2025-01-27T23:29:10.512929" level="INFO">Clicking element '//android.widget.Button[@resource-id="com.example.myapplication:id/signIn"]'.</msg>
<msg time="2025-01-27T23:29:11.106212" level="INFO">xpath criteria: //android.widget.Button[@resource-id="com.example.myapplication:id/signIn"]</msg>
<arg>${signIn_button_loginPage}</arg>
<doc>Click element identified by `locator`.</doc>
<status status="PASS" start="2025-01-27T23:29:10.511274" elapsed="0.594938"/>
</kw>
<status status="PASS" start="2025-01-27T23:29:10.510274" elapsed="0.595938"/>
</kw>
<status status="PASS" start="2025-01-27T23:29:07.450240" elapsed="3.655972"/>
</kw>
<arg>Open Flight Application</arg>
<arg>Login With Valid Credentials</arg>
<doc>Executes all the given keywords in a sequence.</doc>
<status status="PASS" start="2025-01-27T23:28:56.035320" elapsed="15.070892"/>
</kw>
<kw name="Verify User Is Logged In" owner="homePage">
<kw name="Wait Until Element Is Visible" owner="AppiumLibrary">
<msg time="2025-01-27T23:29:12.006226" level="INFO">xpath criteria: //android.widget.TextView[@resource-id="com.example.myapplication:id/textView"]
xpath criteria: //android.widget.TextView[@resource-id="com.example.myapplication:id/textView"]</msg>
<arg>${userName_text_homePage}</arg>
<doc>Waits until element specified with `locator` is visible.</doc>
<status status="PASS" start="2025-01-27T23:29:11.107209" elapsed="0.900014"/>
</kw>
<status status="PASS" start="2025-01-27T23:29:11.107209" elapsed="0.900014"/>
</kw>
<kw name="Click Search Button" owner="searchPage">
<kw name="Click Element" owner="AppiumLibrary">
<msg time="2025-01-27T23:29:12.008733" level="INFO">Clicking element '//android.widget.Button[@resource-id="com.example.myapplication:id/search_flight"]'.</msg>
<msg time="2025-01-27T23:29:12.178967" level="INFO">xpath criteria: //android.widget.Button[@resource-id="com.example.myapplication:id/search_flight"]</msg>
<arg>locator=//android.widget.Button[@resource-id="com.example.myapplication:id/search_flight"]</arg>
<doc>Click element identified by `locator`.</doc>
<status status="PASS" start="2025-01-27T23:29:12.007739" elapsed="0.172224"/>
</kw>
<status status="PASS" start="2025-01-27T23:29:12.007739" elapsed="0.172224"/>
</kw>
<kw name="Input Wrong Flight Number" owner="searchPage">
<kw name="Wait Until Element Is Visible" owner="AppiumLibrary">
<msg time="2025-01-27T23:29:13.687986" level="INFO">xpath criteria: //android.widget.EditText[@resource-id="com.example.myapplication:id/flight_number"]
xpath criteria: //android.widget.EditText[@resource-id="com.example.myapplication:id/flight_number"]</msg>
<arg>locator=//android.widget.EditText[@resource-id="com.example.myapplication:id/flight_number"]</arg>
<doc>Waits until element specified with `locator` is visible.</doc>
<status status="PASS" start="2025-01-27T23:29:12.185945" elapsed="1.502041"/>
</kw>
<kw name="Input Text" owner="AppiumLibrary">
<msg time="2025-01-27T23:29:13.689682" level="INFO">Typing text '123456' into text field '//android.widget.EditText[@resource-id="com.example.myapplication:id/flight_number"]'</msg>
<msg time="2025-01-27T23:29:13.800088" level="INFO">xpath criteria: //android.widget.EditText[@resource-id="com.example.myapplication:id/flight_number"]</msg>
<arg>locator=//android.widget.EditText[@resource-id="com.example.myapplication:id/flight_number"]</arg>
<arg>text=123456</arg>
<doc>Types the given `text` into text field identified by `locator`.</doc>
<status status="PASS" start="2025-01-27T23:29:13.687986" elapsed="0.112102"/>
</kw>
<status status="PASS" start="2025-01-27T23:29:12.184951" elapsed="1.615137"/>
</kw>
<kw name="Click Search Button On Flight Number Page" owner="searchPage">
<kw name="Click Element" owner="AppiumLibrary">
<msg time="2025-01-27T23:29:13.803079" level="INFO">Clicking element '//android.widget.Button[@resource-id="com.example.myapplication:id/searchFlight"]'.</msg>
<msg time="2025-01-27T23:29:14.413172" level="INFO">xpath criteria: //android.widget.Button[@resource-id="com.example.myapplication:id/searchFlight"]</msg>
<arg>locator=//android.widget.Button[@resource-id="com.example.myapplication:id/searchFlight"]</arg>
<doc>Click element identified by `locator`.</doc>
<status status="PASS" start="2025-01-27T23:29:13.802080" elapsed="0.611092"/>
</kw>
<status status="PASS" start="2025-01-27T23:29:13.801085" elapsed="0.612087"/>
</kw>
<kw name="Verify Wrong Flight Number Input" owner="searchPage">
<kw name="Wait Until Element Is Visible" owner="AppiumLibrary">
<msg time="2025-01-27T23:29:14.995621" level="INFO">xpath criteria: //android.widget.TextView[@resource-id="com.example.myapplication:id/enterFlight"]</msg>
<arg>//android.widget.TextView[@resource-id="com.example.myapplication:id/enterFlight"]</arg>
<doc>Waits until element specified with `locator` is visible.</doc>
<status status="PASS" start="2025-01-27T23:29:14.416164" elapsed="0.579457"/>
</kw>
<status status="PASS" start="2025-01-27T23:29:14.416164" elapsed="0.580453"/>
</kw>
<status status="PASS" start="2025-01-27T23:28:56.035320" elapsed="18.961297"/>
</test>
<status status="PASS" start="2025-01-27T23:28:39.933283" elapsed="35.064717"/>
</suite>
<statistics>
<total>
<stat pass="2" fail="0" skip="0">All Tests</stat>
</total>
<tag>
</tag>
<suite>
<stat name="searchSuite" id="s1" pass="2" fail="0" skip="0">searchSuite</stat>
</suite>
</statistics>
<errors>
</errors>
</robot>
