<?xml version="1.0" encoding="UTF-8"?>
<robot generator="Robot 7.2 (Python 3.11.5 on win32)" generated="2025-02-06T19:53:47.991893" rpa="false" schemaversion="5">
<suite id="s1" name="loginInvalidCred" source="I:\Sanbercode\Project Sanber Robo Framework\Sanber63-Mobile-Kelompok8\suites\loginInvalidCred.robot">
<test id="s1-t1" name="User Login Without Credentials" line="19">
<kw name="Run Keyword" owner="BuiltIn">
<kw name="Open Flight Application" owner="base">
<kw name="Open Application" owner="AppiumLibrary">
<arg>remote_url=${REMOTE_URL}</arg>
<arg>platformName=${PLATFORM_NAME}</arg>
<arg>platformVersion=${PLATFORM_VERSION}</arg>
<arg>deviceName=${DEVICE_NAME}</arg>
<arg>appPackage=${APP_PACKAGE}</arg>
<arg>appActivity=${APP_ACTIVITY}</arg>
<doc>Opens a new application to given Appium server.
Capabilities of appium server, Android and iOS,
Please check https://appium.io/docs/en/2.1/cli/args/
| *Option*            | *Man.* | *Description*     |
| remote_url          | Yes    | Appium server url |
| alias               | no     | alias             |
| strict_ssl          | No     | allows you to send commands to an invalid certificate host like a self-signed one. |</doc>
<status status="PASS" start="2025-02-06T19:53:48.352677" elapsed="8.541134"/>
</kw>
<status status="PASS" start="2025-02-06T19:53:48.351678" elapsed="8.542133"/>
</kw>
<arg>Open Flight Application</arg>
<doc>Executes the given keyword with the given arguments.</doc>
<status status="PASS" start="2025-02-06T19:53:48.350677" elapsed="8.543134"/>
</kw>
<kw name="Login Without Credentials" owner="invalidLogin">
<kw name="Verify Home Page Appears" owner="homePage">
<kw name="Wait Until Element Is Visible" owner="AppiumLibrary">
<msg time="2025-02-06T19:53:58.101816" level="INFO">xpath criteria: //android.widget.ImageView[@resource-id="com.example.myapplication:id/imageView4"]</msg>
<arg>${logo_homePage}</arg>
<doc>Waits until element specified with `locator` is visible.</doc>
<status status="PASS" start="2025-02-06T19:53:56.895820" elapsed="1.207505"/>
</kw>
<status status="PASS" start="2025-02-06T19:53:56.895820" elapsed="1.207505"/>
</kw>
<kw name="Click Sign In Button On Home Page" owner="homePage">
<kw name="Wait Until Element Is Visible" owner="AppiumLibrary">
<msg time="2025-02-06T19:53:58.220753" level="INFO">xpath criteria: //android.widget.Button[@resource-id="com.example.myapplication:id/login"]</msg>
<arg>${signIn_button_homePage}</arg>
<doc>Waits until element specified with `locator` is visible.</doc>
<status status="PASS" start="2025-02-06T19:53:58.104399" elapsed="0.116354"/>
</kw>
<kw name="Click Element" owner="AppiumLibrary">
<msg time="2025-02-06T19:53:58.223780" level="INFO">Clicking element '//android.widget.Button[@resource-id="com.example.myapplication:id/login"]'.</msg>
<msg time="2025-02-06T19:53:58.409259" level="INFO">xpath criteria: //android.widget.Button[@resource-id="com.example.myapplication:id/login"]</msg>
<arg>${signIn_button_homePage}</arg>
<doc>Click element identified by `locator`.</doc>
<status status="PASS" start="2025-02-06T19:53:58.220753" elapsed="0.188506"/>
</kw>
<status status="PASS" start="2025-02-06T19:53:58.103851" elapsed="0.305408"/>
</kw>
<kw name="Verify Login Appears" owner="invalidLogin">
<kw name="Wait Until Element Is Visible" owner="AppiumLibrary">
<msg time="2025-02-06T19:53:59.246689" level="INFO">xpath criteria: //android.widget.EditText[@resource-id="com.example.myapplication:id/username"]
xpath criteria: //android.widget.EditText[@resource-id="com.example.myapplication:id/username"]</msg>
<arg>${email_input_loginPage}</arg>
<doc>Waits until element specified with `locator` is visible.</doc>
<status status="PASS" start="2025-02-06T19:53:58.410267" elapsed="0.836422"/>
</kw>
<kw name="Wait Until Element Is Visible" owner="AppiumLibrary">
<msg time="2025-02-06T19:53:59.339329" level="INFO">xpath criteria: //android.widget.EditText[@resource-id="com.example.myapplication:id/password"]</msg>
<arg>${password_input_loginPage}</arg>
<doc>Waits until element specified with `locator` is visible.</doc>
<status status="PASS" start="2025-02-06T19:53:59.246689" elapsed="0.092640"/>
</kw>
<kw name="Wait Until Element Is Visible" owner="AppiumLibrary">
<msg time="2025-02-06T19:53:59.417546" level="INFO">xpath criteria: //android.widget.Button[@resource-id="com.example.myapplication:id/signIn"]</msg>
<arg>${signIn_button_loginPage}</arg>
<doc>Waits until element specified with `locator` is visible.</doc>
<status status="PASS" start="2025-02-06T19:53:59.340337" elapsed="0.077209"/>
</kw>
<status status="PASS" start="2025-02-06T19:53:58.409259" elapsed="1.008287"/>
</kw>
<kw name="Click Sign In Button On Login Page" owner="invalidLogin">
<kw name="Click Element" owner="AppiumLibrary">
<msg time="2025-02-06T19:53:59.420572" level="INFO">Clicking element '//android.widget.Button[@resource-id="com.example.myapplication:id/signIn"]'.</msg>
<msg time="2025-02-06T19:53:59.547265" level="INFO">xpath criteria: //android.widget.Button[@resource-id="com.example.myapplication:id/signIn"]</msg>
<arg>${signIn_button_loginPage}</arg>
<doc>Click element identified by `locator`.</doc>
<status status="PASS" start="2025-02-06T19:53:59.418057" elapsed="0.129208"/>
</kw>
<status status="PASS" start="2025-02-06T19:53:59.418057" elapsed="0.129208"/>
</kw>
<status status="PASS" start="2025-02-06T19:53:56.895820" elapsed="2.651445"/>
</kw>
<kw name="Verify Valid Credentials" owner="invalidLogin">
<kw name="Wait Until Element Is Visible" owner="AppiumLibrary">
<msg time="2025-02-06T19:54:00.114811" level="INFO">xpath criteria: //android.widget.ImageView[@resource-id="com.example.myapplication:id/imageView3"]</msg>
<arg>${login_logo}</arg>
<doc>Waits until element specified with `locator` is visible.</doc>
<status status="PASS" start="2025-02-06T19:53:59.550289" elapsed="0.565531"/>
</kw>
<status status="PASS" start="2025-02-06T19:53:59.550289" elapsed="0.565531"/>
</kw>
<kw name="Close Flight Application" owner="base">
<kw name="Close Application" owner="AppiumLibrary">
<doc>Closes the current application and also close webdriver session.</doc>
<status status="PASS" start="2025-02-06T19:54:00.117329" elapsed="0.624380"/>
</kw>
<status status="PASS" start="2025-02-06T19:54:00.115820" elapsed="0.626873"/>
</kw>
<status status="PASS" start="2025-02-06T19:53:48.349670" elapsed="12.393023"/>
</test>
<test id="s1-t2" name="User Login Without Email" line="25">
<kw name="Run Keyword" owner="BuiltIn">
<kw name="Open Flight Application" owner="base">
<kw name="Open Application" owner="AppiumLibrary">
<arg>remote_url=${REMOTE_URL}</arg>
<arg>platformName=${PLATFORM_NAME}</arg>
<arg>platformVersion=${PLATFORM_VERSION}</arg>
<arg>deviceName=${DEVICE_NAME}</arg>
<arg>appPackage=${APP_PACKAGE}</arg>
<arg>appActivity=${APP_ACTIVITY}</arg>
<doc>Opens a new application to given Appium server.
Capabilities of appium server, Android and iOS,
Please check https://appium.io/docs/en/2.1/cli/args/
| *Option*            | *Man.* | *Description*     |
| remote_url          | Yes    | Appium server url |
| alias               | no     | alias             |
| strict_ssl          | No     | allows you to send commands to an invalid certificate host like a self-signed one. |</doc>
<status status="PASS" start="2025-02-06T19:54:00.744707" elapsed="8.441423"/>
</kw>
<status status="PASS" start="2025-02-06T19:54:00.744707" elapsed="8.441423"/>
</kw>
<arg>Open Flight Application</arg>
<doc>Executes the given keyword with the given arguments.</doc>
<status status="PASS" start="2025-02-06T19:54:00.744707" elapsed="8.441423"/>
</kw>
<kw name="Login Without Email" owner="invalidLogin">
<kw name="Verify Home Page Appears" owner="homePage">
<kw name="Wait Until Element Is Visible" owner="AppiumLibrary">
<msg time="2025-02-06T19:54:10.237020" level="INFO">xpath criteria: //android.widget.ImageView[@resource-id="com.example.myapplication:id/imageView4"]</msg>
<arg>${logo_homePage}</arg>
<doc>Waits until element specified with `locator` is visible.</doc>
<status status="PASS" start="2025-02-06T19:54:09.187642" elapsed="1.049378"/>
</kw>
<status status="PASS" start="2025-02-06T19:54:09.187642" elapsed="1.049378"/>
</kw>
<kw name="Click Sign In Button On Home Page" owner="homePage">
<kw name="Wait Until Element Is Visible" owner="AppiumLibrary">
<msg time="2025-02-06T19:54:10.321435" level="INFO">xpath criteria: //android.widget.Button[@resource-id="com.example.myapplication:id/login"]</msg>
<arg>${signIn_button_homePage}</arg>
<doc>Waits until element specified with `locator` is visible.</doc>
<status status="PASS" start="2025-02-06T19:54:10.237527" elapsed="0.084905"/>
</kw>
<kw name="Click Element" owner="AppiumLibrary">
<msg time="2025-02-06T19:54:10.324947" level="INFO">Clicking element '//android.widget.Button[@resource-id="com.example.myapplication:id/login"]'.</msg>
<msg time="2025-02-06T19:54:10.442592" level="INFO">xpath criteria: //android.widget.Button[@resource-id="com.example.myapplication:id/login"]</msg>
<arg>${signIn_button_homePage}</arg>
<doc>Click element identified by `locator`.</doc>
<status status="PASS" start="2025-02-06T19:54:10.322432" elapsed="0.120160"/>
</kw>
<status status="PASS" start="2025-02-06T19:54:10.237527" elapsed="0.205065"/>
</kw>
<kw name="Verify Login Appears" owner="invalidLogin">
<kw name="Wait Until Element Is Visible" owner="AppiumLibrary">
<msg time="2025-02-06T19:54:11.399271" level="INFO">xpath criteria: //android.widget.EditText[@resource-id="com.example.myapplication:id/username"]
xpath criteria: //android.widget.EditText[@resource-id="com.example.myapplication:id/username"]</msg>
<arg>${email_input_loginPage}</arg>
<doc>Waits until element specified with `locator` is visible.</doc>
<status status="PASS" start="2025-02-06T19:54:10.443592" elapsed="0.955679"/>
</kw>
<kw name="Wait Until Element Is Visible" owner="AppiumLibrary">
<msg time="2025-02-06T19:54:11.493736" level="INFO">xpath criteria: //android.widget.EditText[@resource-id="com.example.myapplication:id/password"]</msg>
<arg>${password_input_loginPage}</arg>
<doc>Waits until element specified with `locator` is visible.</doc>
<status status="PASS" start="2025-02-06T19:54:11.399271" elapsed="0.094465"/>
</kw>
<kw name="Wait Until Element Is Visible" owner="AppiumLibrary">
<msg time="2025-02-06T19:54:11.572882" level="INFO">xpath criteria: //android.widget.Button[@resource-id="com.example.myapplication:id/signIn"]</msg>
<arg>${signIn_button_loginPage}</arg>
<doc>Waits until element specified with `locator` is visible.</doc>
<status status="PASS" start="2025-02-06T19:54:11.493736" elapsed="0.079146"/>
</kw>
<status status="PASS" start="2025-02-06T19:54:10.442592" elapsed="1.131289"/>
</kw>
<kw name="Input User Password On Login Page" owner="invalidLogin">
<kw name="Input Text" owner="AppiumLibrary">
<msg time="2025-02-06T19:54:11.576392" level="INFO">Typing text 'abc123' into text field '//android.widget.EditText[@resource-id="com.example.myapplication:id/password"]'</msg>
<msg time="2025-02-06T19:54:11.677390" level="INFO">xpath criteria: //android.widget.EditText[@resource-id="com.example.myapplication:id/password"]</msg>
<arg>${password_input_loginPage}</arg>
<arg>${password}</arg>
<doc>Types the given `text` into text field identified by `locator`.</doc>
<status status="PASS" start="2025-02-06T19:54:11.574386" elapsed="0.103509"/>
</kw>
<arg>${password}</arg>
<status status="PASS" start="2025-02-06T19:54:11.573881" elapsed="0.104014"/>
</kw>
<kw name="Click Sign In Button On Login Page" owner="invalidLogin">
<kw name="Click Element" owner="AppiumLibrary">
<msg time="2025-02-06T19:54:11.680908" level="INFO">Clicking element '//android.widget.Button[@resource-id="com.example.myapplication:id/signIn"]'.</msg>
<msg time="2025-02-06T19:54:12.271542" level="INFO">xpath criteria: //android.widget.Button[@resource-id="com.example.myapplication:id/signIn"]</msg>
<arg>${signIn_button_loginPage}</arg>
<doc>Click element identified by `locator`.</doc>
<status status="PASS" start="2025-02-06T19:54:11.677895" elapsed="0.593647"/>
</kw>
<status status="PASS" start="2025-02-06T19:54:11.677895" elapsed="0.593647"/>
</kw>
<status status="PASS" start="2025-02-06T19:54:09.187130" elapsed="3.084412"/>
</kw>
<kw name="Verify Valid Credentials" owner="invalidLogin">
<kw name="Wait Until Element Is Visible" owner="AppiumLibrary">
<msg time="2025-02-06T19:54:12.836840" level="INFO">xpath criteria: //android.widget.ImageView[@resource-id="com.example.myapplication:id/imageView3"]</msg>
<arg>${login_logo}</arg>
<doc>Waits until element specified with `locator` is visible.</doc>
<status status="PASS" start="2025-02-06T19:54:12.272541" elapsed="0.564299"/>
</kw>
<status status="PASS" start="2025-02-06T19:54:12.272541" elapsed="0.564299"/>
</kw>
<kw name="Close Flight Application" owner="base">
<kw name="Close Application" owner="AppiumLibrary">
<doc>Closes the current application and also close webdriver session.</doc>
<status status="PASS" start="2025-02-06T19:54:12.838371" elapsed="0.599204"/>
</kw>
<status status="PASS" start="2025-02-06T19:54:12.837361" elapsed="0.600723"/>
</kw>
<status status="PASS" start="2025-02-06T19:54:00.743692" elapsed="12.694392"/>
</test>
<test id="s1-t3" name="User Login Without Password" line="31">
<kw name="Run Keyword" owner="BuiltIn">
<kw name="Open Flight Application" owner="base">
<kw name="Open Application" owner="AppiumLibrary">
<arg>remote_url=${REMOTE_URL}</arg>
<arg>platformName=${PLATFORM_NAME}</arg>
<arg>platformVersion=${PLATFORM_VERSION}</arg>
<arg>deviceName=${DEVICE_NAME}</arg>
<arg>appPackage=${APP_PACKAGE}</arg>
<arg>appActivity=${APP_ACTIVITY}</arg>
<doc>Opens a new application to given Appium server.
Capabilities of appium server, Android and iOS,
Please check https://appium.io/docs/en/2.1/cli/args/
| *Option*            | *Man.* | *Description*     |
| remote_url          | Yes    | Appium server url |
| alias               | no     | alias             |
| strict_ssl          | No     | allows you to send commands to an invalid certificate host like a self-signed one. |</doc>
<status status="PASS" start="2025-02-06T19:54:13.440259" elapsed="8.631416"/>
</kw>
<status status="PASS" start="2025-02-06T19:54:13.440259" elapsed="8.632414"/>
</kw>
<arg>Open Flight Application</arg>
<doc>Executes the given keyword with the given arguments.</doc>
<status status="PASS" start="2025-02-06T19:54:13.439096" elapsed="8.633577"/>
</kw>
<kw name="Login Without Password" owner="invalidLogin">
<kw name="Verify Home Page Appears" owner="homePage">
<kw name="Wait Until Element Is Visible" owner="AppiumLibrary">
<msg time="2025-02-06T19:54:23.197430" level="INFO">xpath criteria: //android.widget.ImageView[@resource-id="com.example.myapplication:id/imageView4"]</msg>
<arg>${logo_homePage}</arg>
<doc>Waits until element specified with `locator` is visible.</doc>
<status status="PASS" start="2025-02-06T19:54:22.074185" elapsed="1.123245"/>
</kw>
<status status="PASS" start="2025-02-06T19:54:22.073679" elapsed="1.123751"/>
</kw>
<kw name="Click Sign In Button On Home Page" owner="homePage">
<kw name="Wait Until Element Is Visible" owner="AppiumLibrary">
<msg time="2025-02-06T19:54:23.301405" level="INFO">xpath criteria: //android.widget.Button[@resource-id="com.example.myapplication:id/login"]</msg>
<arg>${signIn_button_homePage}</arg>
<doc>Waits until element specified with `locator` is visible.</doc>
<status status="PASS" start="2025-02-06T19:54:23.198440" elapsed="0.102965"/>
</kw>
<kw name="Click Element" owner="AppiumLibrary">
<msg time="2025-02-06T19:54:23.304882" level="INFO">Clicking element '//android.widget.Button[@resource-id="com.example.myapplication:id/login"]'.</msg>
<msg time="2025-02-06T19:54:23.460120" level="INFO">xpath criteria: //android.widget.Button[@resource-id="com.example.myapplication:id/login"]</msg>
<arg>${signIn_button_homePage}</arg>
<doc>Click element identified by `locator`.</doc>
<status status="PASS" start="2025-02-06T19:54:23.301405" elapsed="0.158715"/>
</kw>
<status status="PASS" start="2025-02-06T19:54:23.198440" elapsed="0.262189"/>
</kw>
<kw name="Verify Login Appears" owner="invalidLogin">
<kw name="Wait Until Element Is Visible" owner="AppiumLibrary">
<msg time="2025-02-06T19:54:24.411920" level="INFO">xpath criteria: //android.widget.EditText[@resource-id="com.example.myapplication:id/username"]
xpath criteria: //android.widget.EditText[@resource-id="com.example.myapplication:id/username"]</msg>
<arg>${email_input_loginPage}</arg>
<doc>Waits until element specified with `locator` is visible.</doc>
<status status="PASS" start="2025-02-06T19:54:23.461637" elapsed="0.950283"/>
</kw>
<kw name="Wait Until Element Is Visible" owner="AppiumLibrary">
<msg time="2025-02-06T19:54:24.511149" level="INFO">xpath criteria: //android.widget.EditText[@resource-id="com.example.myapplication:id/password"]</msg>
<arg>${password_input_loginPage}</arg>
<doc>Waits until element specified with `locator` is visible.</doc>
<status status="PASS" start="2025-02-06T19:54:24.411920" elapsed="0.100229"/>
</kw>
<kw name="Wait Until Element Is Visible" owner="AppiumLibrary">
<msg time="2025-02-06T19:54:24.601395" level="INFO">xpath criteria: //android.widget.Button[@resource-id="com.example.myapplication:id/signIn"]</msg>
<arg>${signIn_button_loginPage}</arg>
<doc>Waits until element specified with `locator` is visible.</doc>
<status status="PASS" start="2025-02-06T19:54:24.512149" elapsed="0.089246"/>
</kw>
<status status="PASS" start="2025-02-06T19:54:23.460629" elapsed="1.140766"/>
</kw>
<kw name="Input User Email On Login Page" owner="invalidLogin">
<kw name="Input Text" owner="AppiumLibrary">
<msg time="2025-02-06T19:54:24.606441" level="INFO">Typing text 'support@ngendigital' into text field '//android.widget.EditText[@resource-id="com.example.myapplication:id/username"]'</msg>
<msg time="2025-02-06T19:54:24.720152" level="INFO">xpath criteria: //android.widget.EditText[@resource-id="com.example.myapplication:id/username"]</msg>
<arg>${email_input_loginPage}</arg>
<arg>${email}</arg>
<doc>Types the given `text` into text field identified by `locator`.</doc>
<status status="PASS" start="2025-02-06T19:54:24.603433" elapsed="0.116719"/>
</kw>
<arg>${email}</arg>
<status status="PASS" start="2025-02-06T19:54:24.602901" elapsed="0.117251"/>
</kw>
<kw name="Click Sign In Button On Login Page" owner="invalidLogin">
<kw name="Click Element" owner="AppiumLibrary">
<msg time="2025-02-06T19:54:24.723670" level="INFO">Clicking element '//android.widget.Button[@resource-id="com.example.myapplication:id/signIn"]'.</msg>
<msg time="2025-02-06T19:54:25.320223" level="INFO">xpath criteria: //android.widget.Button[@resource-id="com.example.myapplication:id/signIn"]</msg>
<arg>${signIn_button_loginPage}</arg>
<doc>Click element identified by `locator`.</doc>
<status status="PASS" start="2025-02-06T19:54:24.721163" elapsed="0.599060"/>
</kw>
<status status="PASS" start="2025-02-06T19:54:24.721163" elapsed="0.599060"/>
</kw>
<status status="PASS" start="2025-02-06T19:54:22.072673" elapsed="3.247550"/>
</kw>
<kw name="Verify Valid Credentials" owner="invalidLogin">
<kw name="Wait Until Element Is Visible" owner="AppiumLibrary">
<msg time="2025-02-06T19:54:25.902857" level="INFO">xpath criteria: //android.widget.ImageView[@resource-id="com.example.myapplication:id/imageView3"]</msg>
<arg>${login_logo}</arg>
<doc>Waits until element specified with `locator` is visible.</doc>
<status status="PASS" start="2025-02-06T19:54:25.321234" elapsed="0.581623"/>
</kw>
<status status="PASS" start="2025-02-06T19:54:25.321234" elapsed="0.581623"/>
</kw>
<kw name="Close Flight Application" owner="base">
<kw name="Close Application" owner="AppiumLibrary">
<doc>Closes the current application and also close webdriver session.</doc>
<status status="PASS" start="2025-02-06T19:54:25.904380" elapsed="0.639400"/>
</kw>
<status status="PASS" start="2025-02-06T19:54:25.904380" elapsed="0.639400"/>
</kw>
<status status="PASS" start="2025-02-06T19:54:13.439096" elapsed="13.105693"/>
</test>
<test id="s1-t4" name="User Login With Invalid Format Email" line="37">
<kw name="Run Keyword" owner="BuiltIn">
<kw name="Open Flight Application" owner="base">
<kw name="Open Application" owner="AppiumLibrary">
<arg>remote_url=${REMOTE_URL}</arg>
<arg>platformName=${PLATFORM_NAME}</arg>
<arg>platformVersion=${PLATFORM_VERSION}</arg>
<arg>deviceName=${DEVICE_NAME}</arg>
<arg>appPackage=${APP_PACKAGE}</arg>
<arg>appActivity=${APP_ACTIVITY}</arg>
<doc>Opens a new application to given Appium server.
Capabilities of appium server, Android and iOS,
Please check https://appium.io/docs/en/2.1/cli/args/
| *Option*            | *Man.* | *Description*     |
| remote_url          | Yes    | Appium server url |
| alias               | no     | alias             |
| strict_ssl          | No     | allows you to send commands to an invalid certificate host like a self-signed one. |</doc>
<status status="PASS" start="2025-02-06T19:54:26.545925" elapsed="8.657923"/>
</kw>
<status status="PASS" start="2025-02-06T19:54:26.545925" elapsed="8.657923"/>
</kw>
<arg>Open Flight Application</arg>
<doc>Executes the given keyword with the given arguments.</doc>
<status status="PASS" start="2025-02-06T19:54:26.545925" elapsed="8.657923"/>
</kw>
<kw name="Login With Invalid Format Email" owner="invalidLogin">
<kw name="Verify Home Page Appears" owner="homePage">
<kw name="Wait Until Element Is Visible" owner="AppiumLibrary">
<msg time="2025-02-06T19:54:36.356722" level="INFO">xpath criteria: //android.widget.ImageView[@resource-id="com.example.myapplication:id/imageView4"]</msg>
<arg>${logo_homePage}</arg>
<doc>Waits until element specified with `locator` is visible.</doc>
<status status="PASS" start="2025-02-06T19:54:35.205859" elapsed="1.150863"/>
</kw>
<status status="PASS" start="2025-02-06T19:54:35.205859" elapsed="1.150863"/>
</kw>
<kw name="Click Sign In Button On Home Page" owner="homePage">
<kw name="Wait Until Element Is Visible" owner="AppiumLibrary">
<msg time="2025-02-06T19:54:36.443663" level="INFO">xpath criteria: //android.widget.Button[@resource-id="com.example.myapplication:id/login"]</msg>
<arg>${signIn_button_homePage}</arg>
<doc>Waits until element specified with `locator` is visible.</doc>
<status status="PASS" start="2025-02-06T19:54:36.357230" elapsed="0.086433"/>
</kw>
<kw name="Click Element" owner="AppiumLibrary">
<msg time="2025-02-06T19:54:36.445677" level="INFO">Clicking element '//android.widget.Button[@resource-id="com.example.myapplication:id/login"]'.</msg>
<msg time="2025-02-06T19:54:36.598423" level="INFO">xpath criteria: //android.widget.Button[@resource-id="com.example.myapplication:id/login"]</msg>
<arg>${signIn_button_homePage}</arg>
<doc>Click element identified by `locator`.</doc>
<status status="PASS" start="2025-02-06T19:54:36.443663" elapsed="0.154760"/>
</kw>
<status status="PASS" start="2025-02-06T19:54:36.357230" elapsed="0.241193"/>
</kw>
<kw name="Verify Login Appears" owner="invalidLogin">
<kw name="Wait Until Element Is Visible" owner="AppiumLibrary">
<msg time="2025-02-06T19:54:37.509344" level="INFO">xpath criteria: //android.widget.EditText[@resource-id="com.example.myapplication:id/username"]
xpath criteria: //android.widget.EditText[@resource-id="com.example.myapplication:id/username"]</msg>
<arg>${email_input_loginPage}</arg>
<doc>Waits until element specified with `locator` is visible.</doc>
<status status="PASS" start="2025-02-06T19:54:36.599432" elapsed="0.909912"/>
</kw>
<kw name="Wait Until Element Is Visible" owner="AppiumLibrary">
<msg time="2025-02-06T19:54:37.613580" level="INFO">xpath criteria: //android.widget.EditText[@resource-id="com.example.myapplication:id/password"]</msg>
<arg>${password_input_loginPage}</arg>
<doc>Waits until element specified with `locator` is visible.</doc>
<status status="PASS" start="2025-02-06T19:54:37.509344" elapsed="0.104236"/>
</kw>
<kw name="Wait Until Element Is Visible" owner="AppiumLibrary">
<msg time="2025-02-06T19:54:37.716491" level="INFO">xpath criteria: //android.widget.Button[@resource-id="com.example.myapplication:id/signIn"]</msg>
<arg>${signIn_button_loginPage}</arg>
<doc>Waits until element specified with `locator` is visible.</doc>
<status status="PASS" start="2025-02-06T19:54:37.613580" elapsed="0.102911"/>
</kw>
<status status="PASS" start="2025-02-06T19:54:36.598423" elapsed="1.118068"/>
</kw>
<kw name="Input User Email On Login Page" owner="invalidLogin">
<kw name="Input Text" owner="AppiumLibrary">
<msg time="2025-02-06T19:54:37.721020" level="INFO">Typing text 'support@ngendigital' into text field '//android.widget.EditText[@resource-id="com.example.myapplication:id/username"]'</msg>
<msg time="2025-02-06T19:54:37.847928" level="INFO">xpath criteria: //android.widget.EditText[@resource-id="com.example.myapplication:id/username"]</msg>
<arg>${email_input_loginPage}</arg>
<arg>${email}</arg>
<doc>Types the given `text` into text field identified by `locator`.</doc>
<status status="PASS" start="2025-02-06T19:54:37.718004" elapsed="0.129924"/>
</kw>
<arg>${email}</arg>
<status status="PASS" start="2025-02-06T19:54:37.717495" elapsed="0.130433"/>
</kw>
<kw name="Input User Password On Login Page" owner="invalidLogin">
<kw name="Input Text" owner="AppiumLibrary">
<msg time="2025-02-06T19:54:37.850944" level="INFO">Typing text 'abc123' into text field '//android.widget.EditText[@resource-id="com.example.myapplication:id/password"]'</msg>
<msg time="2025-02-06T19:54:38.415745" level="INFO">xpath criteria: //android.widget.EditText[@resource-id="com.example.myapplication:id/password"]</msg>
<arg>${password_input_loginPage}</arg>
<arg>${password}</arg>
<doc>Types the given `text` into text field identified by `locator`.</doc>
<status status="PASS" start="2025-02-06T19:54:37.848939" elapsed="0.566806"/>
</kw>
<arg>${password}</arg>
<status status="PASS" start="2025-02-06T19:54:37.847928" elapsed="0.567817"/>
</kw>
<kw name="Click Sign In Button On Login Page" owner="invalidLogin">
<kw name="Click Element" owner="AppiumLibrary">
<msg time="2025-02-06T19:54:38.419263" level="INFO">Clicking element '//android.widget.Button[@resource-id="com.example.myapplication:id/signIn"]'.</msg>
<msg time="2025-02-06T19:54:39.005638" level="INFO">xpath criteria: //android.widget.Button[@resource-id="com.example.myapplication:id/signIn"]</msg>
<arg>${signIn_button_loginPage}</arg>
<doc>Click element identified by `locator`.</doc>
<status status="PASS" start="2025-02-06T19:54:38.417250" elapsed="0.588388"/>
</kw>
<status status="PASS" start="2025-02-06T19:54:38.415745" elapsed="0.589893"/>
</kw>
<status status="PASS" start="2025-02-06T19:54:35.204870" elapsed="3.800768"/>
</kw>
<kw name="Verify Valid Credentials" owner="invalidLogin">
<kw name="Wait Until Element Is Visible" owner="AppiumLibrary">
<msg time="2025-02-06T19:54:39.583548" level="INFO">xpath criteria: //android.widget.ImageView[@resource-id="com.example.myapplication:id/imageView3"]</msg>
<arg>${login_logo}</arg>
<doc>Waits until element specified with `locator` is visible.</doc>
<status status="PASS" start="2025-02-06T19:54:39.009165" elapsed="0.574383"/>
</kw>
<status status="PASS" start="2025-02-06T19:54:39.009165" elapsed="0.574383"/>
</kw>
<kw name="Close Flight Application" owner="base">
<kw name="Close Application" owner="AppiumLibrary">
<doc>Closes the current application and also close webdriver session.</doc>
<status status="PASS" start="2025-02-06T19:54:39.585556" elapsed="0.618360"/>
</kw>
<status status="PASS" start="2025-02-06T19:54:39.584557" elapsed="0.619359"/>
</kw>
<status status="PASS" start="2025-02-06T19:54:26.544789" elapsed="13.661136"/>
</test>
<test id="s1-t5" name="User Login With Invalid Credentials" line="43">
<kw name="Run Keyword" owner="BuiltIn">
<kw name="Open Flight Application" owner="base">
<kw name="Open Application" owner="AppiumLibrary">
<arg>remote_url=${REMOTE_URL}</arg>
<arg>platformName=${PLATFORM_NAME}</arg>
<arg>platformVersion=${PLATFORM_VERSION}</arg>
<arg>deviceName=${DEVICE_NAME}</arg>
<arg>appPackage=${APP_PACKAGE}</arg>
<arg>appActivity=${APP_ACTIVITY}</arg>
<doc>Opens a new application to given Appium server.
Capabilities of appium server, Android and iOS,
Please check https://appium.io/docs/en/2.1/cli/args/
| *Option*            | *Man.* | *Description*     |
| remote_url          | Yes    | Appium server url |
| alias               | no     | alias             |
| strict_ssl          | No     | allows you to send commands to an invalid certificate host like a self-signed one. |</doc>
<status status="PASS" start="2025-02-06T19:54:40.210455" elapsed="8.465486"/>
</kw>
<status status="PASS" start="2025-02-06T19:54:40.210455" elapsed="8.465486"/>
</kw>
<arg>Open Flight Application</arg>
<doc>Executes the given keyword with the given arguments.</doc>
<status status="PASS" start="2025-02-06T19:54:40.209444" elapsed="8.466497"/>
</kw>
<kw name="Login With Invalid Credentials" owner="invalidLogin">
<kw name="Verify Home Page Appears" owner="homePage">
<kw name="Wait Until Element Is Visible" owner="AppiumLibrary">
<msg time="2025-02-06T19:54:49.781112" level="INFO">xpath criteria: //android.widget.ImageView[@resource-id="com.example.myapplication:id/imageView4"]</msg>
<arg>${logo_homePage}</arg>
<doc>Waits until element specified with `locator` is visible.</doc>
<status status="PASS" start="2025-02-06T19:54:48.678464" elapsed="1.102648"/>
</kw>
<status status="PASS" start="2025-02-06T19:54:48.678464" elapsed="1.102648"/>
</kw>
<kw name="Click Sign In Button On Home Page" owner="homePage">
<kw name="Wait Until Element Is Visible" owner="AppiumLibrary">
<msg time="2025-02-06T19:54:49.854884" level="INFO">xpath criteria: //android.widget.Button[@resource-id="com.example.myapplication:id/login"]</msg>
<arg>${signIn_button_homePage}</arg>
<doc>Waits until element specified with `locator` is visible.</doc>
<status status="PASS" start="2025-02-06T19:54:49.781112" elapsed="0.073772"/>
</kw>
<kw name="Click Element" owner="AppiumLibrary">
<msg time="2025-02-06T19:54:49.857391" level="INFO">Clicking element '//android.widget.Button[@resource-id="com.example.myapplication:id/login"]'.</msg>
<msg time="2025-02-06T19:54:49.973773" level="INFO">xpath criteria: //android.widget.Button[@resource-id="com.example.myapplication:id/login"]</msg>
<arg>${signIn_button_homePage}</arg>
<doc>Click element identified by `locator`.</doc>
<status status="PASS" start="2025-02-06T19:54:49.855884" elapsed="0.117889"/>
</kw>
<status status="PASS" start="2025-02-06T19:54:49.781112" elapsed="0.192661"/>
</kw>
<kw name="Verify Login Appears" owner="invalidLogin">
<kw name="Wait Until Element Is Visible" owner="AppiumLibrary">
<msg time="2025-02-06T19:54:50.961104" level="INFO">xpath criteria: //android.widget.EditText[@resource-id="com.example.myapplication:id/username"]
xpath criteria: //android.widget.EditText[@resource-id="com.example.myapplication:id/username"]</msg>
<arg>${email_input_loginPage}</arg>
<doc>Waits until element specified with `locator` is visible.</doc>
<status status="PASS" start="2025-02-06T19:54:49.974786" elapsed="0.986318"/>
</kw>
<kw name="Wait Until Element Is Visible" owner="AppiumLibrary">
<msg time="2025-02-06T19:54:51.051855" level="INFO">xpath criteria: //android.widget.EditText[@resource-id="com.example.myapplication:id/password"]</msg>
<arg>${password_input_loginPage}</arg>
<doc>Waits until element specified with `locator` is visible.</doc>
<status status="PASS" start="2025-02-06T19:54:50.961104" elapsed="0.091278"/>
</kw>
<kw name="Wait Until Element Is Visible" owner="AppiumLibrary">
<msg time="2025-02-06T19:54:51.137539" level="INFO">xpath criteria: //android.widget.Button[@resource-id="com.example.myapplication:id/signIn"]</msg>
<arg>${signIn_button_loginPage}</arg>
<doc>Waits until element specified with `locator` is visible.</doc>
<status status="PASS" start="2025-02-06T19:54:51.052382" elapsed="0.085157"/>
</kw>
<status status="PASS" start="2025-02-06T19:54:49.973773" elapsed="1.163766"/>
</kw>
<kw name="Input User Email On Login Page" owner="invalidLogin">
<kw name="Input Text" owner="AppiumLibrary">
<msg time="2025-02-06T19:54:51.141037" level="INFO">Typing text 'admin@ngendigital.com' into text field '//android.widget.EditText[@resource-id="com.example.myapplication:id/username"]'</msg>
<msg time="2025-02-06T19:54:51.255300" level="INFO">xpath criteria: //android.widget.EditText[@resource-id="com.example.myapplication:id/username"]</msg>
<arg>${email_input_loginPage}</arg>
<arg>${email}</arg>
<doc>Types the given `text` into text field identified by `locator`.</doc>
<status status="PASS" start="2025-02-06T19:54:51.138662" elapsed="0.116638"/>
</kw>
<arg>${email}</arg>
<status status="PASS" start="2025-02-06T19:54:51.137539" elapsed="0.117761"/>
</kw>
<kw name="Input User Password On Login Page" owner="invalidLogin">
<kw name="Input Text" owner="AppiumLibrary">
<msg time="2025-02-06T19:54:51.258294" level="INFO">Typing text 'abc12345' into text field '//android.widget.EditText[@resource-id="com.example.myapplication:id/password"]'</msg>
<msg time="2025-02-06T19:54:51.833563" level="INFO">xpath criteria: //android.widget.EditText[@resource-id="com.example.myapplication:id/password"]</msg>
<arg>${password_input_loginPage}</arg>
<arg>${password}</arg>
<doc>Types the given `text` into text field identified by `locator`.</doc>
<status status="PASS" start="2025-02-06T19:54:51.255300" elapsed="0.578263"/>
</kw>
<arg>${password}</arg>
<status status="PASS" start="2025-02-06T19:54:51.255300" elapsed="0.578263"/>
</kw>
<kw name="Click Sign In Button On Login Page" owner="invalidLogin">
<kw name="Click Element" owner="AppiumLibrary">
<msg time="2025-02-06T19:54:51.837106" level="INFO">Clicking element '//android.widget.Button[@resource-id="com.example.myapplication:id/signIn"]'.</msg>
<msg time="2025-02-06T19:54:52.420746" level="INFO">xpath criteria: //android.widget.Button[@resource-id="com.example.myapplication:id/signIn"]</msg>
<arg>${signIn_button_loginPage}</arg>
<doc>Click element identified by `locator`.</doc>
<status status="PASS" start="2025-02-06T19:54:51.833563" elapsed="0.587183"/>
</kw>
<status status="PASS" start="2025-02-06T19:54:51.833563" elapsed="0.587183"/>
</kw>
<status status="PASS" start="2025-02-06T19:54:48.677452" elapsed="3.743294"/>
</kw>
<kw name="Verify Valid Credentials" owner="invalidLogin">
<kw name="Wait Until Element Is Visible" owner="AppiumLibrary">
<msg time="2025-02-06T19:54:52.996438" level="INFO">xpath criteria: //android.widget.ImageView[@resource-id="com.example.myapplication:id/imageView3"]</msg>
<arg>${login_logo}</arg>
<doc>Waits until element specified with `locator` is visible.</doc>
<status status="PASS" start="2025-02-06T19:54:52.421742" elapsed="0.574696"/>
</kw>
<status status="PASS" start="2025-02-06T19:54:52.421742" elapsed="0.574696"/>
</kw>
<kw name="Close Flight Application" owner="base">
<kw name="Close Application" owner="AppiumLibrary">
<doc>Closes the current application and also close webdriver session.</doc>
<status status="PASS" start="2025-02-06T19:54:52.997948" elapsed="0.623474"/>
</kw>
<status status="PASS" start="2025-02-06T19:54:52.997437" elapsed="0.623985"/>
</kw>
<status status="PASS" start="2025-02-06T19:54:40.209444" elapsed="13.412978"/>
</test>
<status status="PASS" start="2025-02-06T19:53:47.994413" elapsed="65.630530"/>
</suite>
<statistics>
<total>
<stat pass="5" fail="0" skip="0">All Tests</stat>
</total>
<tag>
</tag>
<suite>
<stat name="loginInvalidCred" id="s1" pass="5" fail="0" skip="0">loginInvalidCred</stat>
</suite>
</statistics>
<errors>
</errors>
</robot>
